#
# There is insufficient memory for the Java Runtime Environment to continue.
# Native memory allocation (malloc) failed to allocate 867376 bytes for Chunk::new
# Possible reasons:
#   The system is out of physical RAM or swap space
#   The process is running with CompressedOops enabled, and the Java Heap may be blocking the growth of the native heap
# Possible solutions:
#   Reduce memory load on the system
#   Increase physical memory or swap space
#   Check if swap backing store is full
#   Decrease Java heap size (-Xmx/-Xms)
#   Decrease number of Java threads
#   Decrease Java thread stack sizes (-Xss)
#   Set larger code cache with -XX:ReservedCodeCacheSize=
#   JVM is running with Unscaled Compressed Oops mode in which the Java heap is
#     placed in the first 4GB address space. The Java Heap base address is the
#     maximum limit for the native heap growth. Please use -XX:HeapBaseMinAddress
#     to set the Java Heap base and to place the Java Heap above 4GB virtual address.
# This output file may be truncated or incomplete.
#
#  Out of Memory Error (./src/hotspot/share/memory/arena.cpp:197), pid=10616, tid=16552
#
# JRE version: OpenJDK Runtime Environment Corretto-11.0.18.10.1 (11.0.18+10) (build 11.0.18+10-LTS)
# Java VM: OpenJDK 64-Bit Server VM Corretto-11.0.18.10.1 (11.0.18+10-LTS, mixed mode, tiered, compressed oops, g1 gc, windows-amd64)
# No core dump will be written. Minidumps are not enabled by default on client versions of Windows
#

---------------  S U M M A R Y ------------

Command Line: -Dorg.gradle.internal.worker.tmpdir=C:\Users\leroc\OneDrive\AllHomeWorks\SQLTaskOne\build\tmp\test\work -Dorg.gradle.native=false -Dselenide.headless -Xmx512m -Dfile.encoding=windows-1251 -Duser.country=RU -Duser.language=ru -Duser.variant -ea worker.org.gradle.process.internal.worker.GradleWorkerMain 'Gradle Test Executor 11'

Host: AMD Athlon 300U with Radeon Vega Mobile Gfx    , 4 cores, 3G,  Windows 10 , 64 bit Build 19041 (10.0.19041.3155)
Time: Wed Jul 26 23:01:55 2023 RTZ 6 (s 10 , 64 bit Build 19041 (10.0.19041.3155) elapsed time: 13.829408 seconds (0d 0h 0m 13s)

---------------  T H R E A D  ---------------

Current thread (0x00000239b11b0000):  JavaThread "C2 CompilerThread0" daemon [_thread_in_native, id=16552, stack(0x0000007827300000,0x0000007827400000)]


Current CompileTask:
C2:  13829 2392   !   4       jdk.internal.loader.BuiltinClassLoader::loadClassOrNull (143 bytes)

Stack: [0x0000007827300000,0x0000007827400000]
Native frames: (J=compiled Java code, j=interpreted, Vv=VM code, C=native code)
V  [jvm.dll+0x622d9a]
V  [jvm.dll+0x7b0289]
V  [jvm.dll+0x7b1978]
V  [jvm.dll+0x7b2053]
V  [jvm.dll+0x24fe08]
V  [jvm.dll+0xc264c]
V  [jvm.dll+0xc2c0c]
V  [jvm.dll+0x2c3d84]
V  [jvm.dll+0x53197c]
V  [jvm.dll+0x208b36]
V  [jvm.dll+0x20ac56]
V  [jvm.dll+0x2082fb]
V  [jvm.dll+0x18a3c1]
V  [jvm.dll+0x217ac4]
V  [jvm.dll+0x215d0b]
V  [jvm.dll+0x772d90]
V  [jvm.dll+0x76bcc4]
V  [jvm.dll+0x621c05]
C  [ucrtbase.dll+0x21bb2]
C  [KERNEL32.DLL+0x17614]
C  [ntdll.dll+0x526b1]


---------------  P R O C E S S  ---------------

Threads class SMR info:
_java_thread_list=0x00000239b38af970, length=24, elements={
0x0000023996233800, 0x00000239b1155000, 0x00000239b115f000, 0x00000239b1153000,
0x00000239b11a2800, 0x00000239b11a7000, 0x00000239b11b0000, 0x00000239b1b00800,
0x00000239b11b7800, 0x00000239b1c15800, 0x00000239b2493000, 0x00000239b2678800,
0x00000239b25d4000, 0x00000239b2e6d800, 0x00000239b3c65000, 0x00000239b47ff800,
0x00000239b3a75800, 0x00000239b47fc800, 0x00000239b39c0800, 0x00000239b3dc4800,
0x00000239b39e4800, 0x00000239b39e0800, 0x00000239b39e3000, 0x00000239b39e5800
}

Java Threads: ( => current thread )
  0x0000023996233800 JavaThread "Test worker" [_thread_in_Java, id=19036, stack(0x0000007826700000,0x0000007826800000)]
  0x00000239b1155000 JavaThread "Reference Handler" daemon [_thread_blocked, id=21408, stack(0x0000007826e00000,0x0000007826f00000)]
  0x00000239b115f000 JavaThread "Finalizer" daemon [_thread_blocked, id=13852, stack(0x0000007826f00000,0x0000007827000000)]
  0x00000239b1153000 JavaThread "Signal Dispatcher" daemon [_thread_blocked, id=5360, stack(0x0000007827000000,0x0000007827100000)]
  0x00000239b11a2800 JavaThread "Attach Listener" daemon [_thread_blocked, id=18100, stack(0x0000007827100000,0x0000007827200000)]
  0x00000239b11a7000 JavaThread "Service Thread" daemon [_thread_blocked, id=19428, stack(0x0000007827200000,0x0000007827300000)]
=>0x00000239b11b0000 JavaThread "C2 CompilerThread0" daemon [_thread_in_native, id=16552, stack(0x0000007827300000,0x0000007827400000)]
  0x00000239b1b00800 JavaThread "C1 CompilerThread0" daemon [_thread_blocked, id=10956, stack(0x0000007827400000,0x0000007827500000)]
  0x00000239b11b7800 JavaThread "Sweeper thread" daemon [_thread_blocked, id=18500, stack(0x0000007827500000,0x0000007827600000)]
  0x00000239b1c15800 JavaThread "Common-Cleaner" daemon [_thread_blocked, id=19064, stack(0x0000007827700000,0x0000007827800000)]
  0x00000239b2493000 JavaThread "/127.0.0.1:60068 to /127.0.0.1:60067 workers" [_thread_blocked, id=18912, stack(0x0000007827b00000,0x0000007827c00000)]
  0x00000239b2678800 JavaThread "/127.0.0.1:60068 to /127.0.0.1:60067 workers Thread 2" [_thread_blocked, id=22392, stack(0x0000007827e00000,0x0000007827f00000)]
  0x00000239b25d4000 JavaThread "/127.0.0.1:60068 to /127.0.0.1:60067 workers Thread 3" [_thread_in_native, id=12692, stack(0x0000007827f00000,0x0000007828000000)]
  0x00000239b2e6d800 JavaThread "ForkJoinPool.commonPool-worker-3" daemon [_thread_blocked, id=15596, stack(0x0000007828000000,0x0000007828100000)]
  0x00000239b3c65000 JavaThread "AsyncHttpClient-1-1" daemon [_thread_blocked, id=18560, stack(0x0000007828100000,0x0000007828200000)]
  0x00000239b47ff800 JavaThread "Exec Default Executor" daemon [_thread_in_native, id=14224, stack(0x0000007828200000,0x0000007828300000)]
  0x00000239b3a75800 JavaThread "Exec Stream Pumper" daemon [_thread_in_native, id=16880, stack(0x0000007828300000,0x0000007828400000)]
  0x00000239b47fc800 JavaThread "Exec Stream Pumper" daemon [_thread_in_native, id=19432, stack(0x0000007828400000,0x0000007828500000)]
  0x00000239b39c0800 JavaThread "Driver Service Executor" daemon [_thread_blocked, id=13556, stack(0x0000007828500000,0x0000007828600000)]
  0x00000239b3dc4800 JavaThread "Driver Service Executor" daemon [_thread_blocked, id=18908, stack(0x0000007828600000,0x0000007828700000)]
  0x00000239b39e4800 JavaThread "UrlChecker-2" daemon [_thread_blocked, id=21060, stack(0x0000007828700000,0x0000007828800000)]
  0x00000239b39e0800 JavaThread "AsyncHttpClient-1-2" daemon [_thread_in_native, id=4684, stack(0x0000007828900000,0x0000007828a00000)]
  0x00000239b39e3000 JavaThread "AsyncHttpClient-1-3" daemon [_thread_in_native, id=21712, stack(0x0000007828800000,0x0000007828900000)]
  0x00000239b39e5800 JavaThread "AsyncHttpClient-1-4" daemon [_thread_in_native, id=22080, stack(0x0000007828a00000,0x0000007828b00000)]

Other Threads:
  0x00000239b1142800 VMThread "VM Thread" [stack: 0x0000007826d00000,0x0000007826e00000] [id=20660]
  0x00000239b1c60800 WatcherThread [stack: 0x0000007827600000,0x0000007827700000] [id=14084]
  0x000002399624d000 GCTaskThread "GC Thread#0" [stack: 0x0000007826800000,0x0000007826900000] [id=3448]
  0x00000239b25c2800 GCTaskThread "GC Thread#1" [stack: 0x0000007827900000,0x0000007827a00000] [id=7064]
  0x00000239b1f36000 GCTaskThread "GC Thread#2" [stack: 0x0000007827c00000,0x0000007827d00000] [id=22116]
  0x00000239b2635000 GCTaskThread "GC Thread#3" [stack: 0x0000007827d00000,0x0000007827e00000] [id=15500]
  0x000002399625f000 ConcurrentGCThread "G1 Main Marker" [stack: 0x0000007826900000,0x0000007826a00000] [id=22288]
  0x0000023996261000 ConcurrentGCThread "G1 Conc#0" [stack: 0x0000007826a00000,0x0000007826b00000] [id=20392]
  0x00000239962a7800 ConcurrentGCThread "G1 Refine#0" [stack: 0x0000007826b00000,0x0000007826c00000] [id=21528]
  0x00000239b1c6b000 ConcurrentGCThread "G1 Refine#1" [stack: 0x0000007827a00000,0x0000007827b00000] [id=5828]
  0x00000239962a8800 ConcurrentGCThread "G1 Young RemSet Sampling" [stack: 0x0000007826c00000,0x0000007826d00000] [id=21404]

Threads with active compile tasks:
C2 CompilerThread0    13924 2392   !   4       jdk.internal.loader.BuiltinClassLoader::loadClassOrNull (143 bytes)

VM state:not at safepoint (normal execution)

VM Mutex/Monitor currently owned by a thread: None

Heap address: 0x00000000e0000000, size: 512 MB, Compressed Oops mode: 32-bit
Narrow klass base: 0x0000000000000000, Narrow klass shift: 3
Compressed class space size: 1073741824 Address: 0x0000000100000000

Heap:
 garbage-first heap   total 57344K, used 25379K [0x00000000e0000000, 0x0000000100000000)
  region size 1024K, 10 young (10240K), 2 survivors (2048K)
 Metaspace       used 32926K, capacity 33981K, committed 34048K, reserved 1079296K
  class space    used 3878K, capacity 4293K, committed 4352K, reserved 1048576K
Heap Regions: E=young(eden), S=young(survivor), O=old, HS=humongous(starts), HC=humongous(continues), CS=collection set, F=free, A=archive, TAMS=top-at-mark-start (previous, next)
|   0|0x00000000e0000000, 0x00000000e0100000, 0x00000000e0100000|100%| O|  |TAMS 0x00000000e0100000, 0x00000000e0000000| Untracked 
|   1|0x00000000e0100000, 0x00000000e0200000, 0x00000000e0200000|100%| O|  |TAMS 0x00000000e0200000, 0x00000000e0100000| Untracked 
|   2|0x00000000e0200000, 0x00000000e0300000, 0x00000000e0300000|100%| O|  |TAMS 0x00000000e0300000, 0x00000000e0200000| Untracked 
|   3|0x00000000e0300000, 0x00000000e0400000, 0x00000000e0400000|100%| O|  |TAMS 0x00000000e0400000, 0x00000000e0300000| Untracked 
|   4|0x00000000e0400000, 0x00000000e0500000, 0x00000000e0500000|100%| O|  |TAMS 0x00000000e0500000, 0x00000000e0400000| Untracked 
|   5|0x00000000e0500000, 0x00000000e0600000, 0x00000000e0600000|100%| O|  |TAMS 0x00000000e0600000, 0x00000000e0500000| Untracked 
|   6|0x00000000e0600000, 0x00000000e0700000, 0x00000000e0700000|100%| O|  |TAMS 0x00000000e0604200, 0x00000000e0600000| Untracked 
|   7|0x00000000e0700000, 0x00000000e0800000, 0x00000000e0800000|100%| O|  |TAMS 0x00000000e0700000, 0x00000000e0700000| Untracked 
|   8|0x00000000e0800000, 0x00000000e0900000, 0x00000000e0900000|100%| O|  |TAMS 0x00000000e0800000, 0x00000000e0800000| Untracked 
|   9|0x00000000e0900000, 0x00000000e0a00000, 0x00000000e0a00000|100%| O|  |TAMS 0x00000000e0900000, 0x00000000e0900000| Untracked 
|  10|0x00000000e0a00000, 0x00000000e0b00000, 0x00000000e0b00000|100%| O|  |TAMS 0x00000000e0a00000, 0x00000000e0a00000| Untracked 
|  11|0x00000000e0b00000, 0x00000000e0c00000, 0x00000000e0c00000|100%| O|  |TAMS 0x00000000e0b00000, 0x00000000e0b00000| Untracked 
|  12|0x00000000e0c00000, 0x00000000e0d00000, 0x00000000e0d00000|100%|HS|  |TAMS 0x00000000e0c00000, 0x00000000e0c00000| Complete 
|  13|0x00000000e0d00000, 0x00000000e0e00000, 0x00000000e0e00000|100%|HC|  |TAMS 0x00000000e0d00000, 0x00000000e0d00000| Complete 
|  14|0x00000000e0e00000, 0x00000000e0f00000, 0x00000000e0f00000|100%|HC|  |TAMS 0x00000000e0e00000, 0x00000000e0e00000| Complete 
|  15|0x00000000e0f00000, 0x00000000e1000000, 0x00000000e1000000|100%|HC|  |TAMS 0x00000000e0f00000, 0x00000000e0f00000| Complete 
|  16|0x00000000e1000000, 0x00000000e1100000, 0x00000000e1100000|100%|HC|  |TAMS 0x00000000e1000000, 0x00000000e1000000| Complete 
|  17|0x00000000e1100000, 0x00000000e1114600, 0x00000000e1200000|  7%| O|  |TAMS 0x00000000e1100000, 0x00000000e1100000| Untracked 
|  18|0x00000000e1200000, 0x00000000e1200000, 0x00000000e1300000|  0%| F|  |TAMS 0x00000000e1200000, 0x00000000e1200000| Untracked 
|  19|0x00000000e1300000, 0x00000000e1300000, 0x00000000e1400000|  0%| F|  |TAMS 0x00000000e1300000, 0x00000000e1300000| Untracked 
|  20|0x00000000e1400000, 0x00000000e1400000, 0x00000000e1500000|  0%| F|  |TAMS 0x00000000e1400000, 0x00000000e1400000| Untracked 
|  21|0x00000000e1500000, 0x00000000e1500000, 0x00000000e1600000|  0%| F|  |TAMS 0x00000000e1500000, 0x00000000e1500000| Untracked 
|  22|0x00000000e1600000, 0x00000000e1600000, 0x00000000e1700000|  0%| F|  |TAMS 0x00000000e1600000, 0x00000000e1600000| Untracked 
|  23|0x00000000e1700000, 0x00000000e1700000, 0x00000000e1800000|  0%| F|  |TAMS 0x00000000e1700000, 0x00000000e1700000| Untracked 
|  24|0x00000000e1800000, 0x00000000e1800000, 0x00000000e1900000|  0%| F|  |TAMS 0x00000000e1800000, 0x00000000e1800000| Untracked 
|  25|0x00000000e1900000, 0x00000000e1900000, 0x00000000e1a00000|  0%| F|  |TAMS 0x00000000e1900000, 0x00000000e1900000| Untracked 
|  26|0x00000000e1a00000, 0x00000000e1a00000, 0x00000000e1b00000|  0%| F|  |TAMS 0x00000000e1a00000, 0x00000000e1a00000| Untracked 
|  27|0x00000000e1b00000, 0x00000000e1b00000, 0x00000000e1c00000|  0%| F|  |TAMS 0x00000000e1b00000, 0x00000000e1b00000| Untracked 
|  28|0x00000000e1c00000, 0x00000000e1c00000, 0x00000000e1d00000|  0%| F|  |TAMS 0x00000000e1c00000, 0x00000000e1c00000| Untracked 
|  29|0x00000000e1d00000, 0x00000000e1d00000, 0x00000000e1e00000|  0%| F|  |TAMS 0x00000000e1d00000, 0x00000000e1d00000| Untracked 
|  30|0x00000000e1e00000, 0x00000000e1e00000, 0x00000000e1f00000|  0%| F|  |TAMS 0x00000000e1e00000, 0x00000000e1e00000| Untracked 
|  31|0x00000000e1f00000, 0x00000000e1fb4830, 0x00000000e2000000| 70%| S|CS|TAMS 0x00000000e1f00000, 0x00000000e1f00000| Complete 
|  32|0x00000000e2000000, 0x00000000e2000000, 0x00000000e2100000|  0%| F|  |TAMS 0x00000000e2000000, 0x00000000e2000000| Untracked 
|  33|0x00000000e2100000, 0x00000000e2100000, 0x00000000e2200000|  0%| F|  |TAMS 0x00000000e2100000, 0x00000000e2100000| Untracked 
|  34|0x00000000e2200000, 0x00000000e2300000, 0x00000000e2300000|100%| S|CS|TAMS 0x00000000e2200000, 0x00000000e2200000| Complete 
|  35|0x00000000e2300000, 0x00000000e2300000, 0x00000000e2400000|  0%| F|  |TAMS 0x00000000e2300000, 0x00000000e2300000| Untracked 
|  36|0x00000000e2400000, 0x00000000e2400000, 0x00000000e2500000|  0%| F|  |TAMS 0x00000000e2400000, 0x00000000e2400000| Untracked 
|  37|0x00000000e2500000, 0x00000000e2500000, 0x00000000e2600000|  0%| F|  |TAMS 0x00000000e2500000, 0x00000000e2500000| Untracked 
|  38|0x00000000e2600000, 0x00000000e2600000, 0x00000000e2700000|  0%| F|  |TAMS 0x00000000e2600000, 0x00000000e2600000| Untracked 
|  39|0x00000000e2700000, 0x00000000e2700000, 0x00000000e2800000|  0%| F|  |TAMS 0x00000000e2700000, 0x00000000e2700000| Untracked 
|  40|0x00000000e2800000, 0x00000000e2800000, 0x00000000e2900000|  0%| F|  |TAMS 0x00000000e2800000, 0x00000000e2800000| Untracked 
|  41|0x00000000e2900000, 0x00000000e2900000, 0x00000000e2a00000|  0%| F|  |TAMS 0x00000000e2900000, 0x00000000e2900000| Untracked 
|  42|0x00000000e2a00000, 0x00000000e2a00000, 0x00000000e2b00000|  0%| F|  |TAMS 0x00000000e2a00000, 0x00000000e2a00000| Untracked 
|  43|0x00000000e2b00000, 0x00000000e2b00000, 0x00000000e2c00000|  0%| F|  |TAMS 0x00000000e2b00000, 0x00000000e2b00000| Untracked 
|  44|0x00000000e2c00000, 0x00000000e2c00000, 0x00000000e2d00000|  0%| F|  |TAMS 0x00000000e2c00000, 0x00000000e2c00000| Untracked 
|  45|0x00000000e2d00000, 0x00000000e2d00000, 0x00000000e2e00000|  0%| F|  |TAMS 0x00000000e2d00000, 0x00000000e2d00000| Untracked 
|  46|0x00000000e2e00000, 0x00000000e2e00000, 0x00000000e2f00000|  0%| F|  |TAMS 0x00000000e2e00000, 0x00000000e2e00000| Untracked 
|  47|0x00000000e2f00000, 0x00000000e2f00000, 0x00000000e3000000|  0%| F|  |TAMS 0x00000000e2f00000, 0x00000000e2f00000| Untracked 
|  48|0x00000000e3000000, 0x00000000e30b7b10, 0x00000000e3100000| 71%| E|  |TAMS 0x00000000e3000000, 0x00000000e3000000| Complete 
|  49|0x00000000e3100000, 0x00000000e3200000, 0x00000000e3200000|100%| E|CS|TAMS 0x00000000e3100000, 0x00000000e3100000| Complete 
|  50|0x00000000e3200000, 0x00000000e3300000, 0x00000000e3300000|100%| E|CS|TAMS 0x00000000e3200000, 0x00000000e3200000| Complete 
|  51|0x00000000e3300000, 0x00000000e3400000, 0x00000000e3400000|100%| E|  |TAMS 0x00000000e3300000, 0x00000000e3300000| Complete 
|  52|0x00000000e3400000, 0x00000000e3500000, 0x00000000e3500000|100%| E|CS|TAMS 0x00000000e3400000, 0x00000000e3400000| Complete 
|  53|0x00000000e3500000, 0x00000000e3600000, 0x00000000e3600000|100%| E|CS|TAMS 0x00000000e3500000, 0x00000000e3500000| Complete 
|  54|0x00000000e3600000, 0x00000000e3700000, 0x00000000e3700000|100%| E|CS|TAMS 0x00000000e3600000, 0x00000000e3600000| Complete 
|  55|0x00000000e3700000, 0x00000000e3800000, 0x00000000e3800000|100%| E|CS|TAMS 0x00000000e3700000, 0x00000000e3700000| Complete 

Card table byte_map: [0x00000239ad990000,0x00000239ada90000] _byte_map_base: 0x00000239ad290000

Marking Bits (Prev, Next): (CMBitMap*) 0x000002399625bf70, (CMBitMap*) 0x000002399625bf38
 Prev Bits: [0x00000239ae390000, 0x00000239aeb90000)
 Next Bits: [0x00000239adb90000, 0x00000239ae390000)

Polling page: 0x00000239941b0000

Metaspace:

Usage:
  Non-class:     28.99 MB capacity,    28.37 MB ( 98%) used,   523.38 KB (  2%) free+waste,   115.88 KB ( <1%) overhead. 
      Class:      4.19 MB capacity,     3.79 MB ( 90%) used,   357.51 KB (  8%) free+waste,    57.38 KB (  1%) overhead. 
       Both:     33.18 MB capacity,    32.16 MB ( 97%) used,   880.88 KB (  3%) free+waste,   173.25 KB ( <1%) overhead. 

Virtual space:
  Non-class space:       30.00 MB reserved,      29.00 MB ( 97%) committed 
      Class space:        1.00 GB reserved,       4.25 MB ( <1%) committed 
             Both:        1.03 GB reserved,      33.25 MB (  3%) committed 

Chunk freelists:
   Non-Class:  8.00 KB
       Class:  0 bytes
        Both:  8.00 KB

MaxMetaspaceSize: 17179869184.00 GB
CompressedClassSpaceSize: 1.00 GB
Initial GC threshold: 20.80 MB
Current GC threshold: 35.00 MB
CDS: off

CodeHeap 'non-profiled nmethods': size=120064Kb used=1047Kb max_used=1047Kb free=119017Kb
 bounds [0x00000239a6450000, 0x00000239a66c0000, 0x00000239ad990000]
CodeHeap 'profiled nmethods': size=120000Kb used=5227Kb max_used=5227Kb free=114772Kb
 bounds [0x000002399ef20000, 0x000002399f440000, 0x00000239a6450000]
CodeHeap 'non-nmethods': size=5696Kb used=1256Kb max_used=1271Kb free=4440Kb
 bounds [0x000002399e990000, 0x000002399ec00000, 0x000002399ef20000]
 total_blobs=2957 nmethods=2423 adapters=446
 compilation: enabled
              stopped_count=0, restarted_count=0
 full_count=0

Compilation events (20 events):
Event: 13.689 Thread 0x00000239b1b00800 2389   !   3       java.lang.invoke.InnerClassLambdaMetafactory::buildCallSite (168 bytes)
Event: 13.693 Thread 0x00000239b1b00800 nmethod 2389 0x000002399f41be90 code [0x000002399f41c380, 0x000002399f41e628]
Event: 13.703 Thread 0x00000239b1b00800 2393       3       sun.reflect.generics.tree.ClassTypeSignature::accept (8 bytes)
Event: 13.704 Thread 0x00000239b1b00800 nmethod 2393 0x000002399f41f610 code [0x000002399f41f7e0, 0x000002399f41f968]
Event: 13.704 Thread 0x00000239b1b00800 2394       3       sun.reflect.generics.visitor.Reifier::visitClassTypeSignature (381 bytes)
Event: 13.708 Thread 0x00000239b1b00800 nmethod 2394 0x000002399f41fa90 code [0x000002399f41ff80, 0x000002399f422318]
Event: 13.708 Thread 0x00000239b1b00800 2398       3       java.lang.PublicMethods$MethodList::<init> (10 bytes)
Event: 13.708 Thread 0x00000239b1b00800 nmethod 2398 0x000002399f423110 code [0x000002399f4232c0, 0x000002399f423478]
Event: 13.708 Thread 0x00000239b1b00800 2395   !   3       sun.reflect.generics.factory.CoreReflectionFactory::makeNamedType (21 bytes)
Event: 13.708 Thread 0x00000239b1b00800 nmethod 2395 0x000002399f423510 code [0x000002399f4236e0, 0x000002399f423928]
Event: 13.708 Thread 0x00000239b1b00800 2397       3       sun.reflect.generics.parser.SignatureParser::make (8 bytes)
Event: 13.709 Thread 0x00000239b1b00800 nmethod 2397 0x000002399f423a90 code [0x000002399f423c40, 0x000002399f423e38]
Event: 13.762 Thread 0x00000239b1b00800 2399       3       jdk.internal.misc.Unsafe::copyMemory (33 bytes)
Event: 13.764 Thread 0x00000239b1b00800 nmethod 2399 0x000002399f423f10 code [0x000002399f4241e0, 0x000002399f424ed8]
Event: 13.764 Thread 0x00000239b1b00800 2400       3       jdk.internal.misc.Unsafe::copyMemoryChecks (21 bytes)
Event: 13.766 Thread 0x00000239b1b00800 nmethod 2400 0x000002399f425490 code [0x000002399f425760, 0x000002399f426488]
Event: 13.766 Thread 0x00000239b1b00800 2401   !   3       java.util.jar.Attributes::read (354 bytes)
Event: 13.771 Thread 0x00000239b1b00800 nmethod 2401 0x000002399f426a10 code [0x000002399f426fa0, 0x000002399f42a2f8]
Event: 13.806 Thread 0x00000239b1b00800 2402       3       sun.misc.Unsafe::getLong (9 bytes)
Event: 13.806 Thread 0x00000239b1b00800 nmethod 2402 0x000002399f42b710 code [0x000002399f42b8c0, 0x000002399f42b9b8]

GC Heap History (16 events):
Event: 1.558 GC heap before
{Heap before GC invocations=0 (full 0):
 garbage-first heap   total 57344K, used 14336K [0x00000000e0000000, 0x0000000100000000)
  region size 1024K, 14 young (14336K), 0 survivors (0K)
 Metaspace       used 11172K, capacity 11462K, committed 11776K, reserved 1060864K
  class space    used 1114K, capacity 1211K, committed 1280K, reserved 1048576K
}
Event: 1.575 GC heap after
{Heap after GC invocations=1 (full 0):
 garbage-first heap   total 57344K, used 5804K [0x00000000e0000000, 0x0000000100000000)
  region size 1024K, 2 young (2048K), 2 survivors (2048K)
 Metaspace       used 11172K, capacity 11462K, committed 11776K, reserved 1060864K
  class space    used 1114K, capacity 1211K, committed 1280K, reserved 1048576K
}
Event: 3.247 GC heap before
{Heap before GC invocations=1 (full 0):
 garbage-first heap   total 57344K, used 8876K [0x00000000e0000000, 0x0000000100000000)
  region size 1024K, 5 young (5120K), 2 survivors (2048K)
 Metaspace       used 12368K, capacity 12648K, committed 12928K, reserved 1060864K
  class space    used 1269K, capacity 1352K, committed 1408K, reserved 1048576K
}
Event: 3.250 GC heap after
{Heap after GC invocations=2 (full 0):
 garbage-first heap   total 57344K, used 6258K [0x00000000e0000000, 0x0000000100000000)
  region size 1024K, 1 young (1024K), 1 survivors (1024K)
 Metaspace       used 12368K, capacity 12648K, committed 12928K, reserved 1060864K
  class space    used 1269K, capacity 1352K, committed 1408K, reserved 1048576K
}
Event: 4.105 GC heap before
{Heap before GC invocations=2 (full 0):
 garbage-first heap   total 57344K, used 20594K [0x00000000e0000000, 0x0000000100000000)
  region size 1024K, 16 young (16384K), 1 survivors (1024K)
 Metaspace       used 15448K, capacity 16042K, committed 16384K, reserved 1062912K
  class space    used 1717K, capacity 1926K, committed 2048K, reserved 1048576K
}
Event: 4.108 GC heap after
{Heap after GC invocations=3 (full 0):
 garbage-first heap   total 57344K, used 6907K [0x00000000e0000000, 0x0000000100000000)
  region size 1024K, 1 young (1024K), 1 survivors (1024K)
 Metaspace       used 15448K, capacity 16042K, committed 16384K, reserved 1062912K
  class space    used 1717K, capacity 1926K, committed 2048K, reserved 1048576K
}
Event: 5.193 GC heap before
{Heap before GC invocations=3 (full 0):
 garbage-first heap   total 57344K, used 25339K [0x00000000e0000000, 0x0000000100000000)
  region size 1024K, 21 young (21504K), 1 survivors (1024K)
 Metaspace       used 20467K, capacity 21195K, committed 21248K, reserved 1069056K
  class space    used 2260K, capacity 2557K, committed 2560K, reserved 1048576K
}
Event: 5.203 GC heap after
{Heap after GC invocations=4 (full 0):
 garbage-first heap   total 57344K, used 9232K [0x00000000e0000000, 0x0000000100000000)
  region size 1024K, 3 young (3072K), 3 survivors (3072K)
 Metaspace       used 20467K, capacity 21195K, committed 21248K, reserved 1069056K
  class space    used 2260K, capacity 2557K, committed 2560K, reserved 1048576K
}
Event: 5.886 GC heap before
{Heap before GC invocations=5 (full 0):
 garbage-first heap   total 57344K, used 29712K [0x00000000e0000000, 0x0000000100000000)
  region size 1024K, 23 young (23552K), 3 survivors (3072K)
 Metaspace       used 21895K, capacity 22728K, committed 23040K, reserved 1069056K
  class space    used 2434K, capacity 2751K, committed 2816K, reserved 1048576K
}
Event: 5.895 GC heap after
{Heap after GC invocations=6 (full 0):
 garbage-first heap   total 57344K, used 11604K [0x00000000e0000000, 0x0000000100000000)
  region size 1024K, 3 young (3072K), 3 survivors (3072K)
 Metaspace       used 21895K, capacity 22728K, committed 23040K, reserved 1069056K
  class space    used 2434K, capacity 2751K, committed 2816K, reserved 1048576K
}
Event: 6.444 GC heap before
{Heap before GC invocations=6 (full 0):
 garbage-first heap   total 57344K, used 32084K [0x00000000e0000000, 0x0000000100000000)
  region size 1024K, 23 young (23552K), 3 survivors (3072K)
 Metaspace       used 25279K, capacity 26128K, committed 26240K, reserved 1073152K
  class space    used 2856K, capacity 3159K, committed 3200K, reserved 1048576K
}
Event: 6.449 GC heap after
{Heap after GC invocations=7 (full 0):
 garbage-first heap   total 57344K, used 12603K [0x00000000e0000000, 0x0000000100000000)
  region size 1024K, 1 young (1024K), 1 survivors (1024K)
 Metaspace       used 25279K, capacity 26128K, committed 26240K, reserved 1073152K
  class space    used 2856K, capacity 3159K, committed 3200K, reserved 1048576K
}
Event: 7.599 GC heap before
{Heap before GC invocations=7 (full 0):
 garbage-first heap   total 57344K, used 34107K [0x00000000e0000000, 0x0000000100000000)
  region size 1024K, 22 young (22528K), 1 survivors (1024K)
 Metaspace       used 28849K, capacity 29849K, committed 30208K, reserved 1075200K
  class space    used 3327K, capacity 3725K, committed 3840K, reserved 1048576K
}
Event: 7.602 GC heap after
{Heap after GC invocations=8 (full 0):
 garbage-first heap   total 57344K, used 13461K [0x00000000e0000000, 0x0000000100000000)
  region size 1024K, 2 young (2048K), 2 survivors (2048K)
 Metaspace       used 28849K, capacity 29849K, committed 30208K, reserved 1075200K
  class space    used 3327K, capacity 3725K, committed 3840K, reserved 1048576K
}
Event: 13.446 GC heap before
{Heap before GC invocations=8 (full 0):
 garbage-first heap   total 57344K, used 40085K [0x00000000e0000000, 0x0000000100000000)
  region size 1024K, 23 young (23552K), 2 survivors (2048K)
 Metaspace       used 31742K, capacity 32793K, committed 32896K, reserved 1077248K
  class space    used 3721K, capacity 4131K, committed 4224K, reserved 1048576K
}
Event: 13.450 GC heap after
{Heap after GC invocations=9 (full 0):
 garbage-first heap   total 57344K, used 19235K [0x00000000e0000000, 0x0000000100000000)
  region size 1024K, 2 young (2048K), 2 survivors (2048K)
 Metaspace       used 31742K, capacity 32793K, committed 32896K, reserved 1077248K
  class space    used 3721K, capacity 4131K, committed 4224K, reserved 1048576K
}

Deoptimization events (20 events):
Event: 7.367 Thread 0x0000023996233800 Uncommon trap: trap_request=0xffffff4d fr.pc=0x00000239a64c8e54 relative=0x0000000000000434
Event: 7.367 Thread 0x0000023996233800 Uncommon trap: reason=unstable_if action=reinterpret pc=0x00000239a64c8e54 method=jdk.internal.org.objectweb.asm.Type.getArgumentsAndReturnSizes(Ljava/lang/String;)I @ 41 c2
Event: 7.367 Thread 0x0000023996233800 DEOPT PACKING pc=0x00000239a64c8e54 sp=0x00000078267f8800
Event: 7.367 Thread 0x0000023996233800 DEOPT UNPACKING pc=0x000002399e9da1af sp=0x00000078267f8790 mode 2
Event: 7.493 Thread 0x0000023996233800 Uncommon trap: trap_request=0xffffff4d fr.pc=0x00000239a64c8120 relative=0x0000000000000080
Event: 7.493 Thread 0x0000023996233800 Uncommon trap: reason=unstable_if action=reinterpret pc=0x00000239a64c8120 method=java.lang.CharacterDataLatin1.isWhitespace(I)Z @ 14 c2
Event: 7.493 Thread 0x0000023996233800 DEOPT PACKING pc=0x00000239a64c8120 sp=0x00000078267f9d40
Event: 7.493 Thread 0x0000023996233800 DEOPT UNPACKING pc=0x000002399e9da1af sp=0x00000078267f9cb0 mode 2
Event: 8.881 Thread 0x00000239b39e0800 Uncommon trap: trap_request=0xffffff4d fr.pc=0x00000239a64dd674 relative=0x0000000000000054
Event: 8.881 Thread 0x00000239b39e0800 Uncommon trap: reason=unstable_if action=reinterpret pc=0x00000239a64dd674 method=java.lang.CharacterData.of(I)Ljava/lang/CharacterData; @ 15 c2
Event: 8.881 Thread 0x00000239b39e0800 DEOPT PACKING pc=0x00000239a64dd674 sp=0x00000078289fdda0
Event: 8.881 Thread 0x00000239b39e0800 DEOPT UNPACKING pc=0x000002399e9da1af sp=0x00000078289fdd28 mode 2
Event: 13.486 Thread 0x0000023996233800 Uncommon trap: trap_request=0xffffffde fr.pc=0x00000239a6540dcc relative=0x000000000000010c
Event: 13.486 Thread 0x0000023996233800 Uncommon trap: reason=class_check action=maybe_recompile pc=0x00000239a6540dcc method=org.openqa.selenium.json.Input.fill()Z @ 85 c2
Event: 13.486 Thread 0x0000023996233800 DEOPT PACKING pc=0x00000239a6540dcc sp=0x00000078267f9ab0
Event: 13.486 Thread 0x0000023996233800 DEOPT UNPACKING pc=0x000002399e9da1af sp=0x00000078267f9a30 mode 2
Event: 13.642 Thread 0x0000023996233800 Uncommon trap: trap_request=0xffffffde fr.pc=0x00000239a6540dcc relative=0x000000000000010c
Event: 13.642 Thread 0x0000023996233800 Uncommon trap: reason=class_check action=maybe_recompile pc=0x00000239a6540dcc method=org.openqa.selenium.json.Input.fill()Z @ 85 c2
Event: 13.642 Thread 0x0000023996233800 DEOPT PACKING pc=0x00000239a6540dcc sp=0x00000078267f9e40
Event: 13.642 Thread 0x0000023996233800 DEOPT UNPACKING pc=0x000002399e9da1af sp=0x00000078267f9dc0 mode 2

Classes redefined (0 events):
No events

Internal exceptions (20 events):
Event: 6.177 Thread 0x0000023996233800 Exception <a 'java/lang/NoClassDefFoundError'{0x00000000e2ec38b8}> (0x00000000e2ec38b8) thrown at [./src/hotspot/share/oops/instanceKlass.cpp, line 1029]
Event: 6.180 Thread 0x0000023996233800 Exception <a 'java/lang/NoClassDefFoundError'{0x00000000e2ee6970}: org/apache/logging/log4j/spi/ExtendedLoggerWrapper> (0x00000000e2ee6970) thrown at [./src/hotspot/share/classfile/systemDictionary.cpp, line 219]
Event: 6.182 Thread 0x0000023996233800 Exception <a 'java/lang/NoClassDefFoundError'{0x00000000e2d07828}: org/apache/log4j/Priority> (0x00000000e2d07828) thrown at [./src/hotspot/share/classfile/systemDictionary.cpp, line 219]
Event: 6.729 Thread 0x0000023996233800 Exception <a 'java/lang/IncompatibleClassChangeError'{0x00000000e2ce5508}: Found class java.lang.Object, but interface was expected> (0x00000000e2ce5508) thrown at [./src/hotspot/share/interpreter/linkResolver.cpp, line 839]
Event: 6.850 Thread 0x00000239b47ff800 Exception <a 'java/lang/NoSuchMethodError'{0x00000000e2a8c5c8}: 'void java.lang.invoke.DirectMethodHandle$Holder.invokeStatic(java.lang.Object, long)'> (0x00000000e2a8c5c8) thrown at [./src/hotspot/share/interpreter/linkResolver.cpp, line 773]
Event: 6.851 Thread 0x00000239b47ff800 Exception <a 'java/lang/NoSuchMethodError'{0x00000000e2a91848}: 'java.lang.Object java.lang.invoke.DirectMethodHandle$Holder.invokeStatic(java.lang.Object, long)'> (0x00000000e2a91848) thrown at [./src/hotspot/share/interpreter/linkResolver.cpp, line 773]
Event: 6.863 Thread 0x00000239b47ff800 Exception <a 'java/lang/NoSuchMethodError'{0x00000000e2a9f5e0}: 'java.lang.Object java.lang.invoke.DirectMethodHandle$Holder.invokeStaticInit(java.lang.Object, java.lang.Object, long, java.lang.Object)'> (0x00000000e2a9f5e0) thrown at [./src/hotspot/share/interpreter/linkResolver.cpp, line 773]
Event: 6.865 Thread 0x00000239b47ff800 Exception <a 'java/lang/NoSuchMethodError'{0x00000000e2aa5048}: 'java.lang.Object java.lang.invoke.DirectMethodHandle$Holder.invokeStatic(java.lang.Object, java.lang.Object, long)'> (0x00000000e2aa5048) thrown at [./src/hotspot/share/interpreter/linkResolver.cpp, line 773]
Event: 6.866 Thread 0x00000239b47ff800 Exception <a 'java/lang/NoSuchMethodError'{0x00000000e2aab318}: 'java.lang.Object java.lang.invoke.Invokers$Holder.linkToTargetMethod(java.lang.Object, long, java.lang.Object)'> (0x00000000e2aab318) thrown at [./src/hotspot/share/interpreter/linkResolver.cpp, line 773]
Event: 6.954 Thread 0x00000239b39e4800 Exception <a 'java/net/ConnectException'{0x00000000e292cd98}: Connection refused: connect> (0x00000000e292cd98) thrown at [./src/hotspot/share/prims/jni.cpp, line 638]
Event: 6.968 Thread 0x00000239b39e4800 Exception <a 'java/net/ConnectException'{0x00000000e292dda8}: Connection refused: connect> (0x00000000e292dda8) thrown at [./src/hotspot/share/prims/jni.cpp, line 638]
Event: 6.997 Thread 0x00000239b39e4800 Exception <a 'java/net/ConnectException'{0x00000000e292eca8}: Connection refused: connect> (0x00000000e292eca8) thrown at [./src/hotspot/share/prims/jni.cpp, line 638]
Event: 7.053 Thread 0x00000239b39e4800 Exception <a 'java/net/ConnectException'{0x00000000e292fba8}: Connection refused: connect> (0x00000000e292fba8) thrown at [./src/hotspot/share/prims/jni.cpp, line 638]
Event: 7.136 Thread 0x00000239b39e4800 Exception <a 'java/net/ConnectException'{0x00000000e2930aa8}: Connection refused: connect> (0x00000000e2930aa8) thrown at [./src/hotspot/share/prims/jni.cpp, line 638]
Event: 7.366 Thread 0x0000023996233800 Exception <a 'java/lang/NoSuchMethodError'{0x00000000e2817cf8}: 'double java.lang.invoke.DirectMethodHandle$Holder.invokeVirtual(java.lang.Object, java.lang.Object)'> (0x00000000e2817cf8) thrown at [./src/hotspot/share/interpreter/linkResolver.cpp, line 773]
Event: 7.368 Thread 0x0000023996233800 Exception <a 'java/lang/NoSuchMethodError'{0x00000000e281e2b0}: 'float java.lang.invoke.DirectMethodHandle$Holder.invokeVirtual(java.lang.Object, java.lang.Object)'> (0x00000000e281e2b0) thrown at [./src/hotspot/share/interpreter/linkResolver.cpp, line 773]
Event: 7.381 Thread 0x0000023996233800 Exception <a 'java/lang/NoSuchMethodError'{0x00000000e2826f48}: 'long java.lang.invoke.DirectMethodHandle$Holder.invokeVirtual(java.lang.Object, java.lang.Object)'> (0x00000000e2826f48) thrown at [./src/hotspot/share/interpreter/linkResolver.cpp, line 773]
Event: 7.461 Thread 0x0000023996233800 Exception <a 'java/lang/NoSuchMethodError'{0x00000000e27f52e0}: 'void java.lang.invoke.DirectMethodHandle$Holder.invokeStatic(java.lang.Object, java.lang.Object, int)'> (0x00000000e27f52e0) thrown at [./src/hotspot/share/interpreter/linkResolver.cpp, line 773]
Event: 7.589 Thread 0x0000023996233800 Exception <a 'java/lang/NoSuchMethodError'{0x00000000e23c35e8}: 'int java.lang.invoke.DirectMethodHandle$Holder.invokeSpecialIFC(java.lang.Object, java.lang.Object, java.lang.Object)'> (0x00000000e23c35e8) thrown at [./src/hotspot/share/interpreter/linkResolver.cpp, line 773]
Event: 13.495 Thread 0x0000023996233800 Exception <a 'java/lang/NoSuchMethodError'{0x00000000e37ddfd8}: 'java.lang.Object java.lang.invoke.DirectMethodHandle$Holder.invokeSpecialIFC(java.lang.Object, java.lang.Object, java.lang.Object)'> (0x00000000e37ddfd8) thrown at [./src/hotspot/share/interpreter/linkResolver.cpp, line 773]

Events (20 events):
Event: 13.814 loading class org/openqa/selenium/devtools/v85/V85Javascript
Event: 13.814 loading class org/openqa/selenium/devtools/v85/V85Javascript done
Event: 13.815 loading class org/openqa/selenium/devtools/DevTools
Event: 13.815 loading class org/openqa/selenium/devtools/DevTools done
Event: 13.815 loading class org/openqa/selenium/devtools/DevTools
Event: 13.815 loading class org/openqa/selenium/devtools/DevTools done
Event: 13.816 loading class java/util/logging/LogRecord
Event: 13.817 loading class java/util/logging/LogRecord done
Event: 13.817 loading class java/time/Clock
Event: 13.818 loading class java/time/Clock done
Event: 13.818 loading class java/time/Clock$SystemClock
Event: 13.818 loading class java/time/Clock$SystemClock done
Event: 13.819 loading class java/util/logging/SimpleFormatter
Event: 13.819 loading class java/util/logging/Formatter
Event: 13.819 loading class java/util/logging/Formatter done
Event: 13.819 loading class java/util/logging/SimpleFormatter done
Event: 13.820 loading class jdk/internal/logger/SurrogateLogger
Event: 13.821 loading class jdk/internal/logger/SimpleConsoleLogger
Event: 13.821 loading class jdk/internal/logger/SimpleConsoleLogger done
Event: 13.821 loading class jdk/internal/logger/SurrogateLogger done


Dynamic libraries:
0x00007ff7b6c60000 - 0x00007ff7b6c6d000 	C:\Users\leroc\.jdks\corretto-11.0.18\bin\java.exe
0x00007ffeac670000 - 0x00007ffeac868000 	C:\Windows\SYSTEM32\ntdll.dll
0x00007ffeac490000 - 0x00007ffeac54f000 	C:\Windows\System32\KERNEL32.DLL
0x00007ffeaa2d0000 - 0x00007ffeaa5c6000 	C:\Windows\System32\KERNELBASE.dll
0x00007ffeaa1d0000 - 0x00007ffeaa2d0000 	C:\Windows\System32\ucrtbase.dll
0x00007ffe88390000 - 0x00007ffe883a7000 	C:\Users\leroc\.jdks\corretto-11.0.18\bin\jli.dll
0x00007ffe84dc0000 - 0x00007ffe84dd9000 	C:\Users\leroc\.jdks\corretto-11.0.18\bin\VCRUNTIME140.dll
0x00007ffeac000000 - 0x00007ffeac19d000 	C:\Windows\System32\USER32.dll
0x00007ffeaa5d0000 - 0x00007ffeaa5f2000 	C:\Windows\System32\win32u.dll
0x00007ffeac3e0000 - 0x00007ffeac40c000 	C:\Windows\System32\GDI32.dll
0x00007ffea9eb0000 - 0x00007ffea9fc5000 	C:\Windows\System32\gdi32full.dll
0x00007ffe98060000 - 0x00007ffe982fa000 	C:\Windows\WinSxS\amd64_microsoft.windows.common-controls_6595b64144ccf1df_6.0.19041.1110_none_60b5254171f9507e\COMCTL32.dll
0x00007ffeaa630000 - 0x00007ffeaa6cd000 	C:\Windows\System32\msvcp_win.dll
0x00007ffeac2d0000 - 0x00007ffeac36e000 	C:\Windows\System32\msvcrt.dll
0x00007ffeabdc0000 - 0x00007ffeabdf0000 	C:\Windows\System32\IMM32.DLL
0x0000000060dd0000 - 0x0000000060ddc000 	C:\Program Files (x86)\360\Total Security\safemon\SafeWrapper.dll
0x00007ffeab7e0000 - 0x00007ffeab88f000 	C:\Windows\System32\ADVAPI32.dll
0x00007ffeab9c0000 - 0x00007ffeaba5c000 	C:\Windows\System32\sechost.dll
0x00007ffeab890000 - 0x00007ffeab9b6000 	C:\Windows\System32\RPCRT4.dll
0x00007ffe6ced0000 - 0x00007ffe6cf62000 	C:\Program Files (x86)\360\Total Security\safemon\libzdtp64.dll
0x00007ffeaab90000 - 0x00007ffeab2d4000 	C:\Windows\System32\SHELL32.dll
0x00007ffeaba60000 - 0x00007ffeabab5000 	C:\Windows\System32\SHLWAPI.dll
0x00007ffea9810000 - 0x00007ffea981a000 	C:\Windows\SYSTEM32\VERSION.dll
0x00007ffe70ef0000 - 0x00007ffe70f8b000 	C:\Users\leroc\.jdks\corretto-11.0.18\bin\msvcp140.dll
0x00007ffe3f9c0000 - 0x00007ffe4054a000 	C:\Users\leroc\.jdks\corretto-11.0.18\bin\server\jvm.dll
0x00007ffeabdb0000 - 0x00007ffeabdb8000 	C:\Windows\System32\PSAPI.DLL
0x00007ffea08c0000 - 0x00007ffea08e7000 	C:\Windows\SYSTEM32\WINMM.dll
0x00007ffe916a0000 - 0x00007ffe916a9000 	C:\Windows\SYSTEM32\WSOCK32.dll
0x00007ffeabc20000 - 0x00007ffeabc8b000 	C:\Windows\System32\WS2_32.dll
0x00007ffea84e0000 - 0x00007ffea84f2000 	C:\Windows\SYSTEM32\kernel.appcore.dll
0x00007ffe8e930000 - 0x00007ffe8e940000 	C:\Users\leroc\.jdks\corretto-11.0.18\bin\verify.dll
0x00007ffea82d0000 - 0x00007ffea84b4000 	C:\Windows\SYSTEM32\DBGHELP.DLL
0x00007ffe7eba0000 - 0x00007ffe7ebd4000 	C:\Windows\SYSTEM32\dbgcore.DLL
0x00007ffea9fd0000 - 0x00007ffeaa052000 	C:\Windows\System32\bcryptPrimitives.dll
0x00007ffe83430000 - 0x00007ffe83458000 	C:\Users\leroc\.jdks\corretto-11.0.18\bin\java.dll
0x00007ffe883f0000 - 0x00007ffe883fa000 	C:\Users\leroc\.jdks\corretto-11.0.18\bin\jimage.dll
0x00007ffe84d30000 - 0x00007ffe84d48000 	C:\Users\leroc\.jdks\corretto-11.0.18\bin\zip.dll
0x00007ffea7870000 - 0x00007ffea8004000 	C:\Windows\SYSTEM32\windows.storage.dll
0x00007ffeaa830000 - 0x00007ffeaab84000 	C:\Windows\System32\combase.dll
0x00007ffea9650000 - 0x00007ffea967e000 	C:\Windows\SYSTEM32\Wldp.dll
0x00007ffeaa6d0000 - 0x00007ffeaa77d000 	C:\Windows\System32\SHCORE.dll
0x00007ffea9c80000 - 0x00007ffea9ca5000 	C:\Windows\SYSTEM32\profapi.dll
0x00007ffe81810000 - 0x00007ffe81829000 	C:\Users\leroc\.jdks\corretto-11.0.18\bin\net.dll
0x00007ffea0600000 - 0x00007ffea070a000 	C:\Windows\SYSTEM32\WINHTTP.dll
0x00007ffea9390000 - 0x00007ffea93fa000 	C:\Windows\system32\mswsock.dll
0x00007ffe817f0000 - 0x00007ffe81803000 	C:\Users\leroc\.jdks\corretto-11.0.18\bin\nio.dll
0x00007ffea95b0000 - 0x00007ffea95c8000 	C:\Windows\SYSTEM32\CRYPTSP.dll
0x00007ffea8c90000 - 0x00007ffea8cc4000 	C:\Windows\system32\rsaenh.dll
0x00007ffeaa600000 - 0x00007ffeaa627000 	C:\Windows\System32\bcrypt.dll
0x00007ffea9c00000 - 0x00007ffea9c2e000 	C:\Windows\SYSTEM32\USERENV.dll
0x00007ffea95a0000 - 0x00007ffea95ac000 	C:\Windows\SYSTEM32\CRYPTBASE.dll
0x00007ffea9070000 - 0x00007ffea90ac000 	C:\Windows\SYSTEM32\IPHLPAPI.DLL
0x00007ffeabae0000 - 0x00007ffeabae8000 	C:\Windows\System32\NSI.dll
0x00007ffea1130000 - 0x00007ffea1147000 	C:\Windows\SYSTEM32\dhcpcsvc6.DLL
0x00007ffea10d0000 - 0x00007ffea10ed000 	C:\Windows\SYSTEM32\dhcpcsvc.DLL
0x00007ffea90b0000 - 0x00007ffea917a000 	C:\Windows\SYSTEM32\DNSAPI.dll
0x00007ffe35610000 - 0x00007ffe35627000 	C:\Windows\system32\napinsp.dll
0x00007ffe355f0000 - 0x00007ffe3560b000 	C:\Windows\system32\pnrpnsp.dll
0x00007ffea4100000 - 0x00007ffea4115000 	C:\Windows\system32\wshbth.dll
0x00007ffea5150000 - 0x00007ffea516d000 	C:\Windows\system32\NLAapi.dll
0x00007ffe35630000 - 0x00007ffe35642000 	C:\Windows\System32\winrnr.dll
0x00007ffea1010000 - 0x00007ffea101a000 	C:\Windows\System32\rasadhlp.dll
0x00007ffe995f0000 - 0x00007ffe99672000 	C:\Windows\System32\fwpuclnt.dll
0x00007ffe98020000 - 0x00007ffe98029000 	C:\Users\leroc\.jdks\corretto-11.0.18\bin\management.dll
0x00007ffe88720000 - 0x00007ffe8872b000 	C:\Users\leroc\.jdks\corretto-11.0.18\bin\management_ext.dll
0x00007ffe98010000 - 0x00007ffe9801e000 	C:\Users\leroc\.jdks\corretto-11.0.18\bin\sunmscapi.dll
0x00007ffea9d50000 - 0x00007ffea9eae000 	C:\Windows\System32\CRYPT32.dll
0x00007ffea96c0000 - 0x00007ffea96e8000 	C:\Windows\SYSTEM32\ncrypt.dll
0x00007ffea9680000 - 0x00007ffea96bb000 	C:\Windows\SYSTEM32\NTASN1.dll
0x00007ffe88450000 - 0x00007ffe88475000 	C:\Users\leroc\.jdks\corretto-11.0.18\bin\sunec.dll

dbghelp: loaded successfully - version: 4.0.5 - missing functions: none
symbol engine: initialized successfully - sym options: 0x614 - pdb path: .;C:\Users\leroc\.jdks\corretto-11.0.18\bin;C:\Windows\SYSTEM32;C:\Windows\WinSxS\amd64_microsoft.windows.common-controls_6595b64144ccf1df_6.0.19041.1110_none_60b5254171f9507e;C:\Program Files (x86)\360\Total Security\safemon;C:\Users\leroc\.jdks\corretto-11.0.18\bin\server

VM Arguments:
jvm_args: -Dorg.gradle.internal.worker.tmpdir=C:\Users\leroc\OneDrive\AllHomeWorks\SQLTaskOne\build\tmp\test\work -Dorg.gradle.native=false -Dselenide.headless -Xmx512m -Dfile.encoding=windows-1251 -Duser.country=RU -Duser.language=ru -Duser.variant -ea 
java_command: worker.org.gradle.process.internal.worker.GradleWorkerMain 'Gradle Test Executor 11'
java_class_path (initial): C:\\Users\\leroc\\.gradle\\caches\\7.5.1\\workerMain\\gradle-worker.jar;C:\\Users\\leroc\\OneDrive\\AllHomeWorks\\SQLTaskOne\\build\\classes\\java\\test;C:\\Users\\leroc\\.gradle\\caches\\modules-2\\files-2.1\\com.codeborne\\selenide\\6.15.0\\7add079f18a20ae68c7d307cc65bbe16ff08de46\\selenide-6.15.0.jar;C:\\Users\\leroc\\.gradle\\caches\\modules-2\\files-2.1\\mysql\\mysql-connector-java\\8.0.30\\b26dd6e4e917d3d4726c34d09d2fd67df7c1dd37\\mysql-connector-java-8.0.30.jar;C:\\Users\\leroc\\.gradle\\caches\\modules-2\\files-2.1\\com.github.javafaker\\javafaker\\1.0.2\\be0ff271b1208416822db4438864df47f90af92f\\javafaker-1.0.2.jar;C:\\Users\\leroc\\.gradle\\caches\\modules-2\\files-2.1\\commons-dbutils\\commons-dbutils\\1.7\\a2d6e515aa87e5d38f6b3003e70b13c1b1f19ca0\\commons-dbutils-1.7.jar;C:\\Users\\leroc\\.gradle\\caches\\modules-2\\files-2.1\\org.junit.platform\\junit-platform-engine\\1.8.1\\e6c63bf990dc88a6527b4ed617b23e47048f07e0\\junit-platform-engine-1.8.1.jar;C:\\Users\\leroc\\.gradle\\caches\\modules-2\\files-2.1\\org.junit.platform\\junit-platform-commons\\1.8.1\\1e362cbe6d0f225b066757865e233972557484\\junit-platform-commons-1.8.1.jar;C:\\Users\\leroc\\.gradle\\caches\\modules-2\\files-2.1\\org.junit.jupiter\\junit-jupiter-engine\\5.8.1\\21b86e08aae2720bbf017703669948be96d1388c\\junit-jupiter-engine-5.8.1.jar;C:\\Users\\leroc\\.gradle\\caches\\modules-2\\files-2.1\\org.junit.jupiter\\junit-jupiter-api\\5.8.1\\6538b88eb8bf8811bc7b6efb5246f835c15e0bfe\\junit-jupiter-api-5.8.1.jar;C:\\Users\\leroc\\.gradle\\caches\\modules-2\\files-2.1\\com.codeborne\\selenide-core\\6.15.0\\8262703bae14925031c7a747151afe56f829238c\\selenide-core-6.15.0.jar;C:\\Users\\leroc\\.gradle\\caches\\modules-2\\files-2.1\\org.seleniumhq.selenium\\selenium-java\\4.9.1\\18cef0adbc08d152da07b234a04f6e8240ce215f\\selenium-java-4.9.1.jar;C:\\Users\\leroc\\.gradle\\caches\\modules-2\\files-2.1\\org.seleniumhq.selenium\\selenium-chrome-driver\\4.9.1\\15c4b5e30eb17e3b864a
Launcher Type: SUN_STANDARD

[Global flags]
     intx CICompilerCount                          = 3                                         {product} {ergonomic}
     uint ConcGCThreads                            = 1                                         {product} {ergonomic}
     uint G1ConcRefinementThreads                  = 4                                         {product} {ergonomic}
   size_t G1HeapRegionSize                         = 1048576                                   {product} {ergonomic}
    uintx GCDrainStackTargetSize                   = 64                                        {product} {ergonomic}
   size_t InitialHeapSize                          = 58720256                                  {product} {ergonomic}
   size_t MarkStackSize                            = 4194304                                   {product} {ergonomic}
   size_t MaxHeapSize                              = 536870912                                 {product} {command line}
   size_t MaxNewSize                               = 321912832                                 {product} {ergonomic}
   size_t MinHeapDeltaBytes                        = 1048576                                   {product} {ergonomic}
    uintx NonNMethodCodeHeapSize                   = 5830732                                {pd product} {ergonomic}
    uintx NonProfiledCodeHeapSize                  = 122913754                              {pd product} {ergonomic}
    uintx ProfiledCodeHeapSize                     = 122913754                              {pd product} {ergonomic}
    uintx ReservedCodeCacheSize                    = 251658240                              {pd product} {ergonomic}
     bool SegmentedCodeCache                       = true                                      {product} {ergonomic}
     bool UseCompressedClassPointers               = true                                 {lp64_product} {ergonomic}
     bool UseCompressedOops                        = true                                 {lp64_product} {ergonomic}
     bool UseG1GC                                  = true                                      {product} {ergonomic}
     bool UseLargePagesIndividualAllocation        = false                                  {pd product} {ergonomic}

Logging:
Log output configuration:
 #0: stdout all=warning uptime,level,tags
 #1: stderr all=off uptime,level,tags

Environment Variables:
PATH=C:\Program Files\Common Files\Oracle\Java\javapath;C:\Program Files\Eclipse Adoptium\jdk-11.0.17.8-hotspot\bin;C:\Program Files (x86)\Common Files\Intel\Shared Files\cpp\bin\Intel64;C:\Windows\system32;C:\Windows;C:\Windows\System32\Wbem;C:\Windows\System32\WindowsPowerShell\v1.0\;C:\Windows\System32\OpenSSH\;C:\Program Files\Git\cmd;C:\Program Files\nodejs\;C:\Program Files\Docker\Docker\resources\bin;C:\Users\leroc\AppData\Local\Microsoft\WindowsApps;;C:\Users\leroc\AppData\Local\Programs\Microsoft VS Code\bin;C:\Users\leroc\AppData\Roaming\npm
USERNAME=leroc
OS=Windows_NT
PROCESSOR_IDENTIFIER=AMD64 Family 23 Model 24 Stepping 1, AuthenticAMD
TMP=C:\Users\leroc\AppData\Local\Temp
TEMP=C:\Users\leroc\AppData\Local\Temp



---------------  S Y S T E M  ---------------

OS: Windows 10 , 64 bit Build 19041 (10.0.19041.3155)
OS uptime: 0 days 4:05 hours
Hyper-V role detected

CPU:total 4 (initial active 4) (4 cores per cpu, 2 threads per core) family 23 model 24 stepping 1 microcode 0x0, cmov, cx8, fxsr, mmx, sse, sse2, sse3, ssse3, sse4.1, sse4.2, popcnt, avx, avx2, aes, clmul, mmxext, 3dnowpref, lzcnt, sse4a, ht, tsc, tscinvbit, tscinv, bmi1, bmi2, adx, sha, fma

Memory: 4k page, system-wide physical 3460M (55M free)
TotalPageFile size 14212M (AvailPageFile size 2M)
current process WorkingSet (physical memory assigned to process): 146M, peak: 148M
current process commit charge ("private bytes"): 194M, peak: 195M

vm_info: OpenJDK 64-Bit Server VM (11.0.18+10-LTS) for windows-amd64 JRE (11.0.18+10-LTS), built on Jan 10 2023 20:17:52 by "Administrator" with MS VC++ 15.9 (VS2017)

END.
