#
# There is insufficient memory for the Java Runtime Environment to continue.
# Native memory allocation (malloc) failed to allocate 32744 bytes for ChunkPool::allocate
# Possible reasons:
#   The system is out of physical RAM or swap space
#   The process is running with CompressedOops enabled, and the Java Heap may be blocking the growth of the native heap
# Possible solutions:
#   Reduce memory load on the system
#   Increase physical memory or swap space
#   Check if swap backing store is full
#   Decrease Java heap size (-Xmx/-Xms)
#   Decrease number of Java threads
#   Decrease Java thread stack sizes (-Xss)
#   Set larger code cache with -XX:ReservedCodeCacheSize=
#   JVM is running with Unscaled Compressed Oops mode in which the Java heap is
#     placed in the first 4GB address space. The Java Heap base address is the
#     maximum limit for the native heap growth. Please use -XX:HeapBaseMinAddress
#     to set the Java Heap base and to place the Java Heap above 4GB virtual address.
# This output file may be truncated or incomplete.
#
#  Out of Memory Error (./src/hotspot/share/memory/arena.cpp:81), pid=20896, tid=21000
#
# JRE version: OpenJDK Runtime Environment Corretto-11.0.18.10.1 (11.0.18+10) (build 11.0.18+10-LTS)
# Java VM: OpenJDK 64-Bit Server VM Corretto-11.0.18.10.1 (11.0.18+10-LTS, mixed mode, tiered, compressed oops, g1 gc, windows-amd64)
# No core dump will be written. Minidumps are not enabled by default on client versions of Windows
#

---------------  S U M M A R Y ------------

Command Line: -Dorg.gradle.internal.worker.tmpdir=C:\Users\leroc\OneDrive\AllHomeWorks\SQLTaskOne\build\tmp\test\work -Dorg.gradle.native=false -Dselenide.headless -Xmx512m -Dfile.encoding=windows-1251 -Duser.country=RU -Duser.language=ru -Duser.variant -ea worker.org.gradle.process.internal.worker.GradleWorkerMain 'Gradle Test Executor 10'

Host: AMD Athlon 300U with Radeon Vega Mobile Gfx    , 4 cores, 3G,  Windows 10 , 64 bit Build 19041 (10.0.19041.3155)
Time: Wed Jul 26 23:01:02 2023 RTZ 6 (s 10 , 64 bit Build 19041 (10.0.19041.3155) elapsed time: 21.349051 seconds (0d 0h 0m 21s)

---------------  T H R E A D  ---------------

Current thread (0x00000203ba9f6800):  JavaThread "C2 CompilerThread0" daemon [_thread_in_native, id=21000, stack(0x000000d653200000,0x000000d653300000)]


Current CompileTask:
C2:  21349 2587       4       java.net.URLStreamHandler::parseURL (1201 bytes)

Stack: [0x000000d653200000,0x000000d653300000]
Native frames: (J=compiled Java code, j=interpreted, Vv=VM code, C=native code)
V  [jvm.dll+0x622d9a]
V  [jvm.dll+0x7b0289]
V  [jvm.dll+0x7b1978]
V  [jvm.dll+0x7b2053]
V  [jvm.dll+0x24fe08]
V  [jvm.dll+0xc28ab]
V  [jvm.dll+0xc2c0c]
V  [jvm.dll+0xc275b]
V  [jvm.dll+0x60069f]
V  [jvm.dll+0x653de3]
V  [jvm.dll+0x19edcd]
V  [jvm.dll+0x2093a5]
V  [jvm.dll+0x20841d]
V  [jvm.dll+0x18a3c1]
V  [jvm.dll+0x217ac4]
V  [jvm.dll+0x215d0b]
V  [jvm.dll+0x772d90]
V  [jvm.dll+0x76bcc4]
V  [jvm.dll+0x621c05]
C  [ucrtbase.dll+0x21bb2]
C  [KERNEL32.DLL+0x17614]
C  [ntdll.dll+0x526b1]


---------------  P R O C E S S  ---------------

Threads class SMR info:
_java_thread_list=0x00000203bc292490, length=25, elements={
0x000002039f284000, 0x00000203ba9a6000, 0x00000203ba9a7000, 0x00000203ba9f0000,
0x00000203ba9f1000, 0x00000203ba9f5000, 0x00000203ba9f6800, 0x00000203ba9f8000,
0x00000203ba9fb000, 0x00000203bac86800, 0x00000203bb5c9000, 0x00000203bb638800,
0x00000203bb63b000, 0x00000203bc2ae000, 0x00000203bcdcb800, 0x00000203bc312000,
0x00000203bc266000, 0x00000203bc1d0000, 0x00000203bc0ad800, 0x00000203bb0f7800,
0x00000203bd691800, 0x00000203bd697800, 0x00000203bd693800, 0x00000203bd696000,
0x00000203bd696800
}

Java Threads: ( => current thread )
  0x000002039f284000 JavaThread "Forwarding findElement on session f1f5c43565353b1f8580ea45b493cd44 to remote" [_thread_blocked, id=8256, stack(0x000000d652600000,0x000000d652700000)]
  0x00000203ba9a6000 JavaThread "Reference Handler" daemon [_thread_blocked, id=20348, stack(0x000000d652d00000,0x000000d652e00000)]
  0x00000203ba9a7000 JavaThread "Finalizer" daemon [_thread_blocked, id=13916, stack(0x000000d652e00000,0x000000d652f00000)]
  0x00000203ba9f0000 JavaThread "Signal Dispatcher" daemon [_thread_blocked, id=4700, stack(0x000000d652f00000,0x000000d653000000)]
  0x00000203ba9f1000 JavaThread "Attach Listener" daemon [_thread_blocked, id=11892, stack(0x000000d653000000,0x000000d653100000)]
  0x00000203ba9f5000 JavaThread "Service Thread" daemon [_thread_blocked, id=7116, stack(0x000000d653100000,0x000000d653200000)]
=>0x00000203ba9f6800 JavaThread "C2 CompilerThread0" daemon [_thread_in_native, id=21000, stack(0x000000d653200000,0x000000d653300000)]
  0x00000203ba9f8000 JavaThread "C1 CompilerThread0" daemon [_thread_blocked, id=14832, stack(0x000000d653300000,0x000000d653400000)]
  0x00000203ba9fb000 JavaThread "Sweeper thread" daemon [_thread_blocked, id=17328, stack(0x000000d653400000,0x000000d653500000)]
  0x00000203bac86800 JavaThread "Common-Cleaner" daemon [_thread_blocked, id=20588, stack(0x000000d653600000,0x000000d653700000)]
  0x00000203bb5c9000 JavaThread "/127.0.0.1:59988 to /127.0.0.1:59984 workers" [_thread_blocked, id=17240, stack(0x000000d653900000,0x000000d653a00000)]
  0x00000203bb638800 JavaThread "/127.0.0.1:59988 to /127.0.0.1:59984 workers Thread 2" [_thread_blocked, id=20580, stack(0x000000d653a00000,0x000000d653b00000)]
  0x00000203bb63b000 JavaThread "/127.0.0.1:59988 to /127.0.0.1:59984 workers Thread 3" [_thread_in_native, id=21836, stack(0x000000d653b00000,0x000000d653c00000)]
  0x00000203bc2ae000 JavaThread "ForkJoinPool.commonPool-worker-3" daemon [_thread_blocked, id=21124, stack(0x000000d653e00000,0x000000d653f00000)]
  0x00000203bcdcb800 JavaThread "AsyncHttpClient-1-1" daemon [_thread_blocked, id=9796, stack(0x000000d653f00000,0x000000d654000000)]
  0x00000203bc312000 JavaThread "Exec Default Executor" daemon [_thread_in_native, id=21988, stack(0x000000d654000000,0x000000d654100000)]
  0x00000203bc266000 JavaThread "Exec Stream Pumper" daemon [_thread_in_native, id=1256, stack(0x000000d654100000,0x000000d654200000)]
  0x00000203bc1d0000 JavaThread "Exec Stream Pumper" daemon [_thread_in_native, id=16896, stack(0x000000d654200000,0x000000d654300000)]
  0x00000203bc0ad800 JavaThread "Driver Service Executor" daemon [_thread_blocked, id=6632, stack(0x000000d654300000,0x000000d654400000)]
  0x00000203bb0f7800 JavaThread "Driver Service Executor" daemon [_thread_blocked, id=22248, stack(0x000000d654400000,0x000000d654500000)]
  0x00000203bd691800 JavaThread "UrlChecker-2" daemon [_thread_blocked, id=19660, stack(0x000000d654500000,0x000000d654600000)]
  0x00000203bd697800 JavaThread "AsyncHttpClient-1-2" daemon [_thread_in_native, id=18224, stack(0x000000d654700000,0x000000d654800000)]
  0x00000203bd693800 JavaThread "AsyncHttpClient-1-3" daemon [_thread_in_native, id=19216, stack(0x000000d654600000,0x000000d654700000)]
  0x00000203bd696000 JavaThread "AsyncHttpClient-1-4" daemon [_thread_in_native, id=11832, stack(0x000000d654800000,0x000000d654900000)]
  0x00000203bd696800 JavaThread "Dead threads watchdog" daemon [_thread_blocked, id=10552, stack(0x000000d654900000,0x000000d654a00000)]

Other Threads:
  0x00000203ba98f800 VMThread "VM Thread" [stack: 0x000000d652c00000,0x000000d652d00000] [id=12352]
  0x00000203bac84800 WatcherThread [stack: 0x000000d653500000,0x000000d653600000] [id=14452]
  0x000002039f29d800 GCTaskThread "GC Thread#0" [stack: 0x000000d652700000,0x000000d652800000] [id=9060]
  0x00000203bb572000 GCTaskThread "GC Thread#1" [stack: 0x000000d653800000,0x000000d653900000] [id=18796]
  0x00000203bb62a000 GCTaskThread "GC Thread#2" [stack: 0x000000d653c00000,0x000000d653d00000] [id=4344]
  0x00000203bb62b000 GCTaskThread "GC Thread#3" [stack: 0x000000d653d00000,0x000000d653e00000] [id=17540]
  0x000002039f2ae000 ConcurrentGCThread "G1 Main Marker" [stack: 0x000000d652800000,0x000000d652900000] [id=19108]
  0x000002039f2af000 ConcurrentGCThread "G1 Conc#0" [stack: 0x000000d652900000,0x000000d652a00000] [id=12984]
  0x000002039f2f1000 ConcurrentGCThread "G1 Refine#0" [stack: 0x000000d652a00000,0x000000d652b00000] [id=1040]
  0x000002039f2f4000 ConcurrentGCThread "G1 Young RemSet Sampling" [stack: 0x000000d652b00000,0x000000d652c00000] [id=1668]

Threads with active compile tasks:
C2 CompilerThread0    21457 2587       4       java.net.URLStreamHandler::parseURL (1201 bytes)

VM state:not at safepoint (normal execution)

VM Mutex/Monitor currently owned by a thread: None

Heap address: 0x00000000e0000000, size: 512 MB, Compressed Oops mode: 32-bit
Narrow klass base: 0x0000000000000000, Narrow klass shift: 3
Compressed class space size: 1073741824 Address: 0x0000000100000000

Heap:
 garbage-first heap   total 57344K, used 43224K [0x00000000e0000000, 0x0000000100000000)
  region size 1024K, 27 young (27648K), 2 survivors (2048K)
 Metaspace       used 34256K, capacity 35350K, committed 35584K, reserved 1081344K
  class space    used 4075K, capacity 4515K, committed 4608K, reserved 1048576K
Heap Regions: E=young(eden), S=young(survivor), O=old, HS=humongous(starts), HC=humongous(continues), CS=collection set, F=free, A=archive, TAMS=top-at-mark-start (previous, next)
|   0|0x00000000e0000000, 0x00000000e0100000, 0x00000000e0100000|100%| O|  |TAMS 0x00000000e0100000, 0x00000000e0000000| Untracked 
|   1|0x00000000e0100000, 0x00000000e0200000, 0x00000000e0200000|100%| O|  |TAMS 0x00000000e0200000, 0x00000000e0100000| Untracked 
|   2|0x00000000e0200000, 0x00000000e0300000, 0x00000000e0300000|100%| O|  |TAMS 0x00000000e0300000, 0x00000000e0200000| Untracked 
|   3|0x00000000e0300000, 0x00000000e0400000, 0x00000000e0400000|100%| O|  |TAMS 0x00000000e0400000, 0x00000000e0300000| Untracked 
|   4|0x00000000e0400000, 0x00000000e0500000, 0x00000000e0500000|100%| O|  |TAMS 0x00000000e0500000, 0x00000000e0400000| Untracked 
|   5|0x00000000e0500000, 0x00000000e0600000, 0x00000000e0600000|100%| O|  |TAMS 0x00000000e05d5600, 0x00000000e0500000| Untracked 
|   6|0x00000000e0600000, 0x00000000e0700000, 0x00000000e0700000|100%| O|  |TAMS 0x00000000e0600000, 0x00000000e0600000| Untracked 
|   7|0x00000000e0700000, 0x00000000e0800000, 0x00000000e0800000|100%| O|  |TAMS 0x00000000e0700000, 0x00000000e0700000| Untracked 
|   8|0x00000000e0800000, 0x00000000e0900000, 0x00000000e0900000|100%| O|  |TAMS 0x00000000e0800000, 0x00000000e0800000| Untracked 
|   9|0x00000000e0900000, 0x00000000e0a00000, 0x00000000e0a00000|100%| O|  |TAMS 0x00000000e0900000, 0x00000000e0900000| Untracked 
|  10|0x00000000e0a00000, 0x00000000e0b00000, 0x00000000e0b00000|100%| O|  |TAMS 0x00000000e0a00000, 0x00000000e0a00000| Untracked 
|  11|0x00000000e0b00000, 0x00000000e0b36200, 0x00000000e0c00000| 21%| O|  |TAMS 0x00000000e0b00000, 0x00000000e0b00000| Untracked 
|  12|0x00000000e0c00000, 0x00000000e0d00000, 0x00000000e0d00000|100%|HS|  |TAMS 0x00000000e0c00000, 0x00000000e0c00000| Complete 
|  13|0x00000000e0d00000, 0x00000000e0e00000, 0x00000000e0e00000|100%|HC|  |TAMS 0x00000000e0d00000, 0x00000000e0d00000| Complete 
|  14|0x00000000e0e00000, 0x00000000e0f00000, 0x00000000e0f00000|100%|HC|  |TAMS 0x00000000e0e00000, 0x00000000e0e00000| Complete 
|  15|0x00000000e0f00000, 0x00000000e1000000, 0x00000000e1000000|100%|HC|  |TAMS 0x00000000e0f00000, 0x00000000e0f00000| Complete 
|  16|0x00000000e1000000, 0x00000000e1100000, 0x00000000e1100000|100%|HC|  |TAMS 0x00000000e1000000, 0x00000000e1000000| Complete 
|  17|0x00000000e1100000, 0x00000000e1100000, 0x00000000e1200000|  0%| F|  |TAMS 0x00000000e1100000, 0x00000000e1100000| Untracked 
|  18|0x00000000e1200000, 0x00000000e1200000, 0x00000000e1300000|  0%| F|  |TAMS 0x00000000e1200000, 0x00000000e1200000| Untracked 
|  19|0x00000000e1300000, 0x00000000e1300000, 0x00000000e1400000|  0%| F|  |TAMS 0x00000000e1300000, 0x00000000e1300000| Untracked 
|  20|0x00000000e1400000, 0x00000000e1400000, 0x00000000e1500000|  0%| F|  |TAMS 0x00000000e1400000, 0x00000000e1400000| Untracked 
|  21|0x00000000e1500000, 0x00000000e1500000, 0x00000000e1600000|  0%| F|  |TAMS 0x00000000e1500000, 0x00000000e1500000| Untracked 
|  22|0x00000000e1600000, 0x00000000e1600000, 0x00000000e1700000|  0%| F|  |TAMS 0x00000000e1600000, 0x00000000e1600000| Untracked 
|  23|0x00000000e1700000, 0x00000000e1700000, 0x00000000e1800000|  0%| F|  |TAMS 0x00000000e1700000, 0x00000000e1700000| Untracked 
|  24|0x00000000e1800000, 0x00000000e1800000, 0x00000000e1900000|  0%| F|  |TAMS 0x00000000e1800000, 0x00000000e1800000| Untracked 
|  25|0x00000000e1900000, 0x00000000e1900000, 0x00000000e1a00000|  0%| F|  |TAMS 0x00000000e1900000, 0x00000000e1900000| Untracked 
|  26|0x00000000e1a00000, 0x00000000e1a00000, 0x00000000e1b00000|  0%| F|  |TAMS 0x00000000e1a00000, 0x00000000e1a00000| Untracked 
|  27|0x00000000e1b00000, 0x00000000e1b00000, 0x00000000e1c00000|  0%| F|  |TAMS 0x00000000e1b00000, 0x00000000e1b00000| Untracked 
|  28|0x00000000e1c00000, 0x00000000e1d00000, 0x00000000e1d00000|100%| S|CS|TAMS 0x00000000e1c00000, 0x00000000e1c00000| Complete 
|  29|0x00000000e1d00000, 0x00000000e1e00000, 0x00000000e1e00000|100%| S|CS|TAMS 0x00000000e1d00000, 0x00000000e1d00000| Complete 
|  30|0x00000000e1e00000, 0x00000000e1e00000, 0x00000000e1f00000|  0%| F|  |TAMS 0x00000000e1e00000, 0x00000000e1e00000| Untracked 
|  31|0x00000000e1f00000, 0x00000000e1ff5af8, 0x00000000e2000000| 95%| E|  |TAMS 0x00000000e1f00000, 0x00000000e1f00000| Complete 
|  32|0x00000000e2000000, 0x00000000e2100000, 0x00000000e2100000|100%| E|CS|TAMS 0x00000000e2000000, 0x00000000e2000000| Complete 
|  33|0x00000000e2100000, 0x00000000e2200000, 0x00000000e2200000|100%| E|CS|TAMS 0x00000000e2100000, 0x00000000e2100000| Complete 
|  34|0x00000000e2200000, 0x00000000e2300000, 0x00000000e2300000|100%| E|CS|TAMS 0x00000000e2200000, 0x00000000e2200000| Complete 
|  35|0x00000000e2300000, 0x00000000e2400000, 0x00000000e2400000|100%| E|CS|TAMS 0x00000000e2300000, 0x00000000e2300000| Complete 
|  36|0x00000000e2400000, 0x00000000e2500000, 0x00000000e2500000|100%| E|CS|TAMS 0x00000000e2400000, 0x00000000e2400000| Complete 
|  37|0x00000000e2500000, 0x00000000e2600000, 0x00000000e2600000|100%| E|CS|TAMS 0x00000000e2500000, 0x00000000e2500000| Complete 
|  38|0x00000000e2600000, 0x00000000e2700000, 0x00000000e2700000|100%| E|CS|TAMS 0x00000000e2600000, 0x00000000e2600000| Complete 
|  39|0x00000000e2700000, 0x00000000e2800000, 0x00000000e2800000|100%| E|CS|TAMS 0x00000000e2700000, 0x00000000e2700000| Complete 
|  40|0x00000000e2800000, 0x00000000e2900000, 0x00000000e2900000|100%| E|CS|TAMS 0x00000000e2800000, 0x00000000e2800000| Complete 
|  41|0x00000000e2900000, 0x00000000e2a00000, 0x00000000e2a00000|100%| E|CS|TAMS 0x00000000e2900000, 0x00000000e2900000| Complete 
|  42|0x00000000e2a00000, 0x00000000e2b00000, 0x00000000e2b00000|100%| E|CS|TAMS 0x00000000e2a00000, 0x00000000e2a00000| Complete 
|  43|0x00000000e2b00000, 0x00000000e2c00000, 0x00000000e2c00000|100%| E|CS|TAMS 0x00000000e2b00000, 0x00000000e2b00000| Complete 
|  44|0x00000000e2c00000, 0x00000000e2d00000, 0x00000000e2d00000|100%| E|CS|TAMS 0x00000000e2c00000, 0x00000000e2c00000| Complete 
|  45|0x00000000e2d00000, 0x00000000e2e00000, 0x00000000e2e00000|100%| E|CS|TAMS 0x00000000e2d00000, 0x00000000e2d00000| Complete 
|  46|0x00000000e2e00000, 0x00000000e2f00000, 0x00000000e2f00000|100%| E|CS|TAMS 0x00000000e2e00000, 0x00000000e2e00000| Complete 
|  47|0x00000000e2f00000, 0x00000000e3000000, 0x00000000e3000000|100%| E|CS|TAMS 0x00000000e2f00000, 0x00000000e2f00000| Complete 
|  48|0x00000000e3000000, 0x00000000e3100000, 0x00000000e3100000|100%| E|CS|TAMS 0x00000000e3000000, 0x00000000e3000000| Complete 
|  49|0x00000000e3100000, 0x00000000e3200000, 0x00000000e3200000|100%| E|CS|TAMS 0x00000000e3100000, 0x00000000e3100000| Complete 
|  50|0x00000000e3200000, 0x00000000e3300000, 0x00000000e3300000|100%| E|CS|TAMS 0x00000000e3200000, 0x00000000e3200000| Complete 
|  51|0x00000000e3300000, 0x00000000e3400000, 0x00000000e3400000|100%| E|CS|TAMS 0x00000000e3300000, 0x00000000e3300000| Complete 
|  52|0x00000000e3400000, 0x00000000e3500000, 0x00000000e3500000|100%| E|CS|TAMS 0x00000000e3400000, 0x00000000e3400000| Complete 
|  53|0x00000000e3500000, 0x00000000e3600000, 0x00000000e3600000|100%| E|CS|TAMS 0x00000000e3500000, 0x00000000e3500000| Complete 
|  54|0x00000000e3600000, 0x00000000e3700000, 0x00000000e3700000|100%| E|CS|TAMS 0x00000000e3600000, 0x00000000e3600000| Complete 
|  55|0x00000000e3700000, 0x00000000e3800000, 0x00000000e3800000|100%| E|CS|TAMS 0x00000000e3700000, 0x00000000e3700000| Complete 

Card table byte_map: [0x00000203b69e0000,0x00000203b6ae0000] _byte_map_base: 0x00000203b62e0000

Marking Bits (Prev, Next): (CMBitMap*) 0x000002039f2ab550, (CMBitMap*) 0x000002039f2ab518
 Prev Bits: [0x00000203b73e0000, 0x00000203b7be0000)
 Next Bits: [0x00000203b6be0000, 0x00000203b73e0000)

Polling page: 0x000002039d100000

Metaspace:

Usage:
  Non-class:     30.11 MB capacity,    29.47 MB ( 98%) used,   533.23 KB (  2%) free+waste,   120.63 KB ( <1%) overhead. 
      Class:      4.41 MB capacity,     3.98 MB ( 90%) used,   380.08 KB (  8%) free+waste,    59.63 KB (  1%) overhead. 
       Both:     34.52 MB capacity,    33.45 MB ( 97%) used,   913.30 KB (  3%) free+waste,   180.25 KB ( <1%) overhead. 

Virtual space:
  Non-class space:       32.00 MB reserved,      30.25 MB ( 95%) committed 
      Class space:        1.00 GB reserved,       4.50 MB ( <1%) committed 
             Both:        1.03 GB reserved,      34.75 MB (  3%) committed 

Chunk freelists:
   Non-Class:  13.00 KB
       Class:  0 bytes
        Both:  13.00 KB

MaxMetaspaceSize: 17179869184.00 GB
CompressedClassSpaceSize: 1.00 GB
Initial GC threshold: 20.80 MB
Current GC threshold: 35.00 MB
CDS: off

CodeHeap 'non-profiled nmethods': size=120064Kb used=1225Kb max_used=1225Kb free=118838Kb
 bounds [0x00000203af4a0000, 0x00000203af710000, 0x00000203b69e0000]
CodeHeap 'profiled nmethods': size=120000Kb used=5434Kb max_used=5434Kb free=114566Kb
 bounds [0x00000203a7f70000, 0x00000203a84c0000, 0x00000203af4a0000]
CodeHeap 'non-nmethods': size=5696Kb used=1259Kb max_used=1298Kb free=4436Kb
 bounds [0x00000203a79e0000, 0x00000203a7c50000, 0x00000203a7f70000]
 total_blobs=3130 nmethods=2588 adapters=454
 compilation: enabled
              stopped_count=0, restarted_count=0
 full_count=0

Compilation events (20 events):
Event: 21.105 Thread 0x00000203ba9f8000 2590       3       java.util.ArrayList::toArray (57 bytes)
Event: 21.106 Thread 0x00000203ba9f8000 nmethod 2590 0x00000203a84b7d10 code [0x00000203a84b7f00, 0x00000203a84b8418]
Event: 21.106 Thread 0x00000203ba9f8000 2591 %     3       java.util.Arrays::fill @ 5 (21 bytes)
Event: 21.106 Thread 0x00000203ba9f8000 nmethod 2591% 0x00000203a84b8590 code [0x00000203a84b8740, 0x00000203a84b8958]
Event: 21.106 Thread 0x00000203ba9f8000 2592       3       java.nio.CharBuffer::limit (6 bytes)
Event: 21.106 Thread 0x00000203ba9f8000 nmethod 2592 0x00000203a84b8a90 code [0x00000203a84b8c60, 0x00000203a84b8e08]
Event: 21.125 Thread 0x00000203ba9f8000 2593       1       java.util.stream.FindOps$FindOp::getOpFlags (5 bytes)
Event: 21.125 Thread 0x00000203ba9f8000 nmethod 2593 0x00000203af5d2310 code [0x00000203af5d24c0, 0x00000203af5d2578]
Event: 21.126 Thread 0x00000203ba9f8000 2594       3       com.google.common.collect.AbstractMapEntry::<init> (5 bytes)
Event: 21.127 Thread 0x00000203ba9f8000 nmethod 2594 0x00000203a84b8f10 code [0x00000203a84b90c0, 0x00000203a84b9218]
Event: 21.127 Thread 0x00000203ba9f8000 2595       3       java.util.BitSet::get (69 bytes)
Event: 21.128 Thread 0x00000203ba9f8000 nmethod 2595 0x00000203a84b9310 code [0x00000203a84b95a0, 0x00000203a84b9fa8]
Event: 21.128 Thread 0x00000203ba9f8000 2596       3       java.net.URI$Parser::scan (41 bytes)
Event: 21.130 Thread 0x00000203ba9f8000 nmethod 2596 0x00000203a84ba390 code [0x00000203a84ba600, 0x00000203a84baf18]
Event: 21.130 Thread 0x00000203ba9f8000 2597       3       io.netty.buffer.AbstractByteBuf::checkRangeBounds (52 bytes)
Event: 21.133 Thread 0x00000203ba9f8000 nmethod 2597 0x00000203a84bb310 code [0x00000203a84bb660, 0x00000203a84bce28]
Event: 21.133 Thread 0x00000203ba9f8000 2598       3       java.util.concurrent.locks.ReentrantLock$NonfairSync::tryAcquire (6 bytes)
Event: 21.134 Thread 0x00000203ba9f8000 nmethod 2598 0x00000203a84bd610 code [0x00000203a84bd7c0, 0x00000203a84bd8e8]
Event: 21.134 Thread 0x00000203ba9f8000 2599       3       java.util.concurrent.locks.ReentrantLock$Sync::nonfairTryAcquire (67 bytes)
Event: 21.135 Thread 0x00000203ba9f8000 nmethod 2599 0x00000203a84bd990 code [0x00000203a84bdbe0, 0x00000203a84be4c8]

GC Heap History (14 events):
Event: 2.707 GC heap before
{Heap before GC invocations=0 (full 0):
 garbage-first heap   total 57344K, used 14336K [0x00000000e0000000, 0x0000000100000000)
  region size 1024K, 14 young (14336K), 0 survivors (0K)
 Metaspace       used 11168K, capacity 11462K, committed 11776K, reserved 1060864K
  class space    used 1114K, capacity 1211K, committed 1280K, reserved 1048576K
}
Event: 2.726 GC heap after
{Heap after GC invocations=1 (full 0):
 garbage-first heap   total 57344K, used 5812K [0x00000000e0000000, 0x0000000100000000)
  region size 1024K, 2 young (2048K), 2 survivors (2048K)
 Metaspace       used 11168K, capacity 11462K, committed 11776K, reserved 1060864K
  class space    used 1114K, capacity 1211K, committed 1280K, reserved 1048576K
}
Event: 4.112 GC heap before
{Heap before GC invocations=1 (full 0):
 garbage-first heap   total 57344K, used 9908K [0x00000000e0000000, 0x0000000100000000)
  region size 1024K, 6 young (6144K), 2 survivors (2048K)
 Metaspace       used 12650K, capacity 12968K, committed 13312K, reserved 1060864K
  class space    used 1305K, capacity 1416K, committed 1536K, reserved 1048576K
}
Event: 4.117 GC heap after
{Heap after GC invocations=2 (full 0):
 garbage-first heap   total 57344K, used 6181K [0x00000000e0000000, 0x0000000100000000)
  region size 1024K, 1 young (1024K), 1 survivors (1024K)
 Metaspace       used 12650K, capacity 12968K, committed 13312K, reserved 1060864K
  class space    used 1305K, capacity 1416K, committed 1536K, reserved 1048576K
}
Event: 5.127 GC heap before
{Heap before GC invocations=2 (full 0):
 garbage-first heap   total 57344K, used 22565K [0x00000000e0000000, 0x0000000100000000)
  region size 1024K, 17 young (17408K), 1 survivors (1024K)
 Metaspace       used 15737K, capacity 16413K, committed 16640K, reserved 1064960K
  class space    used 1774K, capacity 2026K, committed 2048K, reserved 1048576K
}
Event: 5.130 GC heap after
{Heap after GC invocations=3 (full 0):
 garbage-first heap   total 57344K, used 6858K [0x00000000e0000000, 0x0000000100000000)
  region size 1024K, 2 young (2048K), 2 survivors (2048K)
 Metaspace       used 15737K, capacity 16413K, committed 16640K, reserved 1064960K
  class space    used 1774K, capacity 2026K, committed 2048K, reserved 1048576K
}
Event: 6.399 GC heap before
{Heap before GC invocations=3 (full 0):
 garbage-first heap   total 57344K, used 24266K [0x00000000e0000000, 0x0000000100000000)
  region size 1024K, 20 young (20480K), 2 survivors (2048K)
 Metaspace       used 20436K, capacity 21199K, committed 21248K, reserved 1069056K
  class space    used 2257K, capacity 2557K, committed 2560K, reserved 1048576K
}
Event: 6.408 GC heap after
{Heap after GC invocations=4 (full 0):
 garbage-first heap   total 57344K, used 9045K [0x00000000e0000000, 0x0000000100000000)
  region size 1024K, 3 young (3072K), 3 survivors (3072K)
 Metaspace       used 20436K, capacity 21199K, committed 21248K, reserved 1069056K
  class space    used 2257K, capacity 2557K, committed 2560K, reserved 1048576K
}
Event: 7.506 GC heap before
{Heap before GC invocations=5 (full 0):
 garbage-first heap   total 57344K, used 34645K [0x00000000e0000000, 0x0000000100000000)
  region size 1024K, 29 young (29696K), 3 survivors (3072K)
 Metaspace       used 22541K, capacity 23387K, committed 23680K, reserved 1071104K
  class space    used 2535K, capacity 2864K, committed 2944K, reserved 1048576K
}
Event: 7.518 GC heap after
{Heap after GC invocations=6 (full 0):
 garbage-first heap   total 57344K, used 11667K [0x00000000e0000000, 0x0000000100000000)
  region size 1024K, 3 young (3072K), 3 survivors (3072K)
 Metaspace       used 22541K, capacity 23387K, committed 23680K, reserved 1071104K
  class space    used 2535K, capacity 2864K, committed 2944K, reserved 1048576K
}
Event: 8.206 GC heap before
{Heap before GC invocations=6 (full 0):
 garbage-first heap   total 57344K, used 35219K [0x00000000e0000000, 0x0000000100000000)
  region size 1024K, 27 young (27648K), 3 survivors (3072K)
 Metaspace       used 26593K, capacity 27472K, committed 27776K, reserved 1073152K
  class space    used 3009K, capacity 3351K, committed 3456K, reserved 1048576K
}
Event: 8.211 GC heap after
{Heap after GC invocations=7 (full 0):
 garbage-first heap   total 57344K, used 12736K [0x00000000e0000000, 0x0000000100000000)
  region size 1024K, 2 young (2048K), 2 survivors (2048K)
 Metaspace       used 26593K, capacity 27472K, committed 27776K, reserved 1073152K
  class space    used 3009K, capacity 3351K, committed 3456K, reserved 1048576K
}
Event: 10.085 GC heap before
{Heap before GC invocations=7 (full 0):
 garbage-first heap   total 57344K, used 37312K [0x00000000e0000000, 0x0000000100000000)
  region size 1024K, 26 young (26624K), 2 survivors (2048K)
 Metaspace       used 30227K, capacity 31270K, committed 31360K, reserved 1077248K
  class space    used 3493K, capacity 3900K, committed 3968K, reserved 1048576K
}
Event: 10.088 GC heap after
{Heap after GC invocations=8 (full 0):
 garbage-first heap   total 57344K, used 13528K [0x00000000e0000000, 0x0000000100000000)
  region size 1024K, 2 young (2048K), 2 survivors (2048K)
 Metaspace       used 30227K, capacity 31270K, committed 31360K, reserved 1077248K
  class space    used 3493K, capacity 3900K, committed 3968K, reserved 1048576K
}

Deoptimization events (20 events):
Event: 20.423 Thread 0x000002039f284000 Uncommon trap: trap_request=0xffffffde fr.pc=0x00000203af5a274c relative=0x000000000000010c
Event: 20.423 Thread 0x000002039f284000 Uncommon trap: reason=class_check action=maybe_recompile pc=0x00000203af5a274c method=org.openqa.selenium.json.Input.fill()Z @ 85 c2
Event: 20.423 Thread 0x000002039f284000 DEOPT PACKING pc=0x00000203af5a274c sp=0x000000d6526fa540
Event: 20.423 Thread 0x000002039f284000 DEOPT UNPACKING pc=0x00000203a7a2a1af sp=0x000000d6526fa4c0 mode 2
Event: 20.507 Thread 0x000002039f284000 Uncommon trap: trap_request=0xffffffde fr.pc=0x00000203af5675fc relative=0x000000000000025c
Event: 20.508 Thread 0x000002039f284000 Uncommon trap: reason=class_check action=maybe_recompile pc=0x00000203af5675fc method=java.lang.String.equals(Ljava/lang/Object;)Z @ 8 c2
Event: 20.508 Thread 0x000002039f284000 DEOPT PACKING pc=0x00000203af5675fc sp=0x000000d6526f9c20
Event: 20.508 Thread 0x000002039f284000 DEOPT UNPACKING pc=0x00000203a7a2a1af sp=0x000000d6526f9ba8 mode 2
Event: 20.508 Thread 0x000002039f284000 Uncommon trap: trap_request=0xffffffde fr.pc=0x00000203af5675fc relative=0x000000000000025c
Event: 20.508 Thread 0x000002039f284000 Uncommon trap: reason=class_check action=maybe_recompile pc=0x00000203af5675fc method=java.lang.String.equals(Ljava/lang/Object;)Z @ 8 c2
Event: 20.508 Thread 0x000002039f284000 DEOPT PACKING pc=0x00000203af5675fc sp=0x000000d6526f9b90
Event: 20.508 Thread 0x000002039f284000 DEOPT UNPACKING pc=0x00000203a7a2a1af sp=0x000000d6526f9b18 mode 2
Event: 20.508 Thread 0x000002039f284000 Uncommon trap: trap_request=0xffffffde fr.pc=0x00000203af5675fc relative=0x000000000000025c
Event: 20.508 Thread 0x000002039f284000 Uncommon trap: reason=class_check action=maybe_recompile pc=0x00000203af5675fc method=java.lang.String.equals(Ljava/lang/Object;)Z @ 8 c2
Event: 20.508 Thread 0x000002039f284000 DEOPT PACKING pc=0x00000203af5675fc sp=0x000000d6526f9c20
Event: 20.508 Thread 0x000002039f284000 DEOPT UNPACKING pc=0x00000203a7a2a1af sp=0x000000d6526f9ba8 mode 2
Event: 20.511 Thread 0x000002039f284000 Uncommon trap: trap_request=0xffffffde fr.pc=0x00000203af5675fc relative=0x000000000000025c
Event: 20.512 Thread 0x000002039f284000 Uncommon trap: reason=class_check action=maybe_recompile pc=0x00000203af5675fc method=java.lang.String.equals(Ljava/lang/Object;)Z @ 8 c2
Event: 20.512 Thread 0x000002039f284000 DEOPT PACKING pc=0x00000203af5675fc sp=0x000000d6526f9c20
Event: 20.512 Thread 0x000002039f284000 DEOPT UNPACKING pc=0x00000203a7a2a1af sp=0x000000d6526f9ba8 mode 2

Classes redefined (0 events):
No events

Internal exceptions (20 events):
Event: 7.634 Thread 0x000002039f284000 Exception <a 'java/lang/NoClassDefFoundError'{0x00000000e33f6ee8}> (0x00000000e33f6ee8) thrown at [./src/hotspot/share/oops/instanceKlass.cpp, line 1029]
Event: 7.636 Thread 0x000002039f284000 Exception <a 'java/lang/NoClassDefFoundError'{0x00000000e3223480}: org/apache/logging/log4j/spi/ExtendedLoggerWrapper> (0x00000000e3223480) thrown at [./src/hotspot/share/classfile/systemDictionary.cpp, line 219]
Event: 7.639 Thread 0x000002039f284000 Exception <a 'java/lang/NoClassDefFoundError'{0x00000000e324cf50}: org/apache/log4j/Priority> (0x00000000e324cf50) thrown at [./src/hotspot/share/classfile/systemDictionary.cpp, line 219]
Event: 8.318 Thread 0x000002039f284000 Exception <a 'java/lang/IncompatibleClassChangeError'{0x00000000e33255c8}: Found class java.lang.Object, but interface was expected> (0x00000000e33255c8) thrown at [./src/hotspot/share/interpreter/linkResolver.cpp, line 839]
Event: 8.482 Thread 0x00000203bc312000 Exception <a 'java/lang/NoSuchMethodError'{0x00000000e3113220}: 'void java.lang.invoke.DirectMethodHandle$Holder.invokeStatic(java.lang.Object, long)'> (0x00000000e3113220) thrown at [./src/hotspot/share/interpreter/linkResolver.cpp, line 773]
Event: 8.483 Thread 0x00000203bc312000 Exception <a 'java/lang/NoSuchMethodError'{0x00000000e3118190}: 'java.lang.Object java.lang.invoke.DirectMethodHandle$Holder.invokeStatic(java.lang.Object, long)'> (0x00000000e3118190) thrown at [./src/hotspot/share/interpreter/linkResolver.cpp, line 773]
Event: 8.500 Thread 0x00000203bc312000 Exception <a 'java/lang/NoSuchMethodError'{0x00000000e3125f28}: 'java.lang.Object java.lang.invoke.DirectMethodHandle$Holder.invokeStaticInit(java.lang.Object, java.lang.Object, long, java.lang.Object)'> (0x00000000e3125f28) thrown at [./src/hotspot/share/interpreter/linkResolver.cpp, line 773]
Event: 8.501 Thread 0x00000203bc312000 Exception <a 'java/lang/NoSuchMethodError'{0x00000000e312bbd8}: 'java.lang.Object java.lang.invoke.DirectMethodHandle$Holder.invokeStatic(java.lang.Object, java.lang.Object, long)'> (0x00000000e312bbd8) thrown at [./src/hotspot/share/interpreter/linkResolver.cpp, line 773]
Event: 8.502 Thread 0x00000203bc312000 Exception <a 'java/lang/NoSuchMethodError'{0x00000000e3131ea8}: 'java.lang.Object java.lang.invoke.Invokers$Holder.linkToTargetMethod(java.lang.Object, long, java.lang.Object)'> (0x00000000e3131ea8) thrown at [./src/hotspot/share/interpreter/linkResolver.cpp, line 773]
Event: 8.585 Thread 0x00000203bd691800 Exception <a 'java/net/ConnectException'{0x00000000e31d6650}: Connection refused: connect> (0x00000000e31d6650) thrown at [./src/hotspot/share/prims/jni.cpp, line 638]
Event: 8.611 Thread 0x00000203bd691800 Exception <a 'java/net/ConnectException'{0x00000000e31d76e0}: Connection refused: connect> (0x00000000e31d76e0) thrown at [./src/hotspot/share/prims/jni.cpp, line 638]
Event: 8.642 Thread 0x00000203bd691800 Exception <a 'java/net/ConnectException'{0x00000000e31d8660}: Connection refused: connect> (0x00000000e31d8660) thrown at [./src/hotspot/share/prims/jni.cpp, line 638]
Event: 8.759 Thread 0x000002039f284000 Exception <a 'java/lang/NoSuchMethodError'{0x00000000e3070d88}: 'double java.lang.invoke.DirectMethodHandle$Holder.invokeVirtual(java.lang.Object, java.lang.Object)'> (0x00000000e3070d88) thrown at [./src/hotspot/share/interpreter/linkResolver.cpp, line 773]
Event: 8.761 Thread 0x000002039f284000 Exception <a 'java/lang/NoSuchMethodError'{0x00000000e3077340}: 'float java.lang.invoke.DirectMethodHandle$Holder.invokeVirtual(java.lang.Object, java.lang.Object)'> (0x00000000e3077340) thrown at [./src/hotspot/share/interpreter/linkResolver.cpp, line 773]
Event: 8.779 Thread 0x000002039f284000 Exception <a 'java/lang/NoSuchMethodError'{0x00000000e3080238}: 'long java.lang.invoke.DirectMethodHandle$Holder.invokeVirtual(java.lang.Object, java.lang.Object)'> (0x00000000e3080238) thrown at [./src/hotspot/share/interpreter/linkResolver.cpp, line 773]
Event: 9.000 Thread 0x000002039f284000 Exception <a 'java/lang/NoSuchMethodError'{0x00000000e2e4dfb8}: 'void java.lang.invoke.DirectMethodHandle$Holder.invokeStatic(java.lang.Object, java.lang.Object, int)'> (0x00000000e2e4dfb8) thrown at [./src/hotspot/share/interpreter/linkResolver.cpp, line 773]
Event: 9.127 Thread 0x000002039f284000 Exception <a 'java/lang/NoSuchMethodError'{0x00000000e2a18388}: 'int java.lang.invoke.DirectMethodHandle$Holder.invokeSpecialIFC(java.lang.Object, java.lang.Object, java.lang.Object)'> (0x00000000e2a18388) thrown at [./src/hotspot/share/interpreter/linkResolver.cpp, line 773]
Event: 14.216 Thread 0x000002039f284000 Exception <a 'java/lang/NoSuchMethodError'{0x00000000e2c48348}: 'java.lang.Object java.lang.invoke.DirectMethodHandle$Holder.invokeSpecialIFC(java.lang.Object, java.lang.Object, java.lang.Object)'> (0x00000000e2c48348) thrown at [./src/hotspot/share/interpreter/linkResolver.cpp, line 773]
Event: 14.650 Thread 0x000002039f284000 Exception <a 'java/lang/ClassNotFoundException'{0x00000000e26e3658}: sun/util/logging/resources/spi/loggingProvider> (0x00000000e26e3658) thrown at [./src/hotspot/share/classfile/systemDictionary.cpp, line 230]
Event: 21.006 Thread 0x000002039f284000 Exception <a 'java/lang/NoSuchMethodError'{0x00000000e201dbd0}: 'long java.lang.invoke.DirectMethodHandle$Holder.invokeSpecial(java.lang.Object, java.lang.Object)'> (0x00000000e201dbd0) thrown at [./src/hotspot/share/interpreter/linkResolver.cpp, line 773]

Events (20 events):
Event: 21.116 loading class com/codeborne/selenide/commands/TakeScreenshot
Event: 21.116 loading class com/codeborne/selenide/commands/TakeScreenshot done
Event: 21.117 loading class com/codeborne/selenide/commands/TakeScreenshotAsImage
Event: 21.117 loading class com/codeborne/selenide/commands/TakeScreenshotAsImage done
Event: 21.118 loading class com/codeborne/selenide/commands/GetSearchCriteria
Event: 21.118 loading class com/codeborne/selenide/commands/GetSearchCriteria done
Event: 21.118 loading class com/codeborne/selenide/commands/Execute
Event: 21.118 loading class com/codeborne/selenide/commands/Execute done
Event: 21.119 loading class com/codeborne/selenide/commands/Util
Event: 21.119 loading class com/codeborne/selenide/commands/Util done
Event: 21.120 loading class com/codeborne/selenide/SetValueMethod
Event: 21.120 loading class com/codeborne/selenide/SetValueMethod done
Event: 21.123 loading class org/openqa/selenium/remote/CommandPayload
Event: 21.123 loading class org/openqa/selenium/remote/CommandPayload done
Event: 21.123 loading class org/openqa/selenium/remote/CommandPayload
Event: 21.123 loading class org/openqa/selenium/remote/CommandPayload done
Event: 21.132 Executing VM operation: RevokeBias
Event: 21.133 Executing VM operation: RevokeBias done
Event: 21.133 Executing VM operation: RevokeBias
Event: 21.133 Executing VM operation: RevokeBias done


Dynamic libraries:
0x00007ff7b6c60000 - 0x00007ff7b6c6d000 	C:\Users\leroc\.jdks\corretto-11.0.18\bin\java.exe
0x00007ffeac670000 - 0x00007ffeac868000 	C:\Windows\SYSTEM32\ntdll.dll
0x00007ffeac490000 - 0x00007ffeac54f000 	C:\Windows\System32\KERNEL32.DLL
0x00007ffeaa2d0000 - 0x00007ffeaa5c6000 	C:\Windows\System32\KERNELBASE.dll
0x00007ffeaa1d0000 - 0x00007ffeaa2d0000 	C:\Windows\System32\ucrtbase.dll
0x00007ffe88390000 - 0x00007ffe883a7000 	C:\Users\leroc\.jdks\corretto-11.0.18\bin\jli.dll
0x00007ffeac000000 - 0x00007ffeac19d000 	C:\Windows\System32\USER32.dll
0x00007ffeaa5d0000 - 0x00007ffeaa5f2000 	C:\Windows\System32\win32u.dll
0x00007ffeac3e0000 - 0x00007ffeac40c000 	C:\Windows\System32\GDI32.dll
0x00007ffea9eb0000 - 0x00007ffea9fc5000 	C:\Windows\System32\gdi32full.dll
0x00007ffe84dc0000 - 0x00007ffe84dd9000 	C:\Users\leroc\.jdks\corretto-11.0.18\bin\VCRUNTIME140.dll
0x00007ffeaa630000 - 0x00007ffeaa6cd000 	C:\Windows\System32\msvcp_win.dll
0x00007ffe98060000 - 0x00007ffe982fa000 	C:\Windows\WinSxS\amd64_microsoft.windows.common-controls_6595b64144ccf1df_6.0.19041.1110_none_60b5254171f9507e\COMCTL32.dll
0x00007ffeac2d0000 - 0x00007ffeac36e000 	C:\Windows\System32\msvcrt.dll
0x00007ffeabdc0000 - 0x00007ffeabdf0000 	C:\Windows\System32\IMM32.DLL
0x0000000060dd0000 - 0x0000000060ddc000 	C:\Program Files (x86)\360\Total Security\safemon\SafeWrapper.dll
0x00007ffeab7e0000 - 0x00007ffeab88f000 	C:\Windows\System32\ADVAPI32.dll
0x00007ffeab9c0000 - 0x00007ffeaba5c000 	C:\Windows\System32\sechost.dll
0x00007ffeab890000 - 0x00007ffeab9b6000 	C:\Windows\System32\RPCRT4.dll
0x00007ffe6ced0000 - 0x00007ffe6cf62000 	C:\Program Files (x86)\360\Total Security\safemon\libzdtp64.dll
0x00007ffeaab90000 - 0x00007ffeab2d4000 	C:\Windows\System32\SHELL32.dll
0x00007ffeaba60000 - 0x00007ffeabab5000 	C:\Windows\System32\SHLWAPI.dll
0x00007ffea9810000 - 0x00007ffea981a000 	C:\Windows\SYSTEM32\VERSION.dll
0x00007ffe70ef0000 - 0x00007ffe70f8b000 	C:\Users\leroc\.jdks\corretto-11.0.18\bin\msvcp140.dll
0x00007ffe3f9c0000 - 0x00007ffe4054a000 	C:\Users\leroc\.jdks\corretto-11.0.18\bin\server\jvm.dll
0x00007ffeabdb0000 - 0x00007ffeabdb8000 	C:\Windows\System32\PSAPI.DLL
0x00007ffe916a0000 - 0x00007ffe916a9000 	C:\Windows\SYSTEM32\WSOCK32.dll
0x00007ffeabc20000 - 0x00007ffeabc8b000 	C:\Windows\System32\WS2_32.dll
0x00007ffea08c0000 - 0x00007ffea08e7000 	C:\Windows\SYSTEM32\WINMM.dll
0x00007ffea84e0000 - 0x00007ffea84f2000 	C:\Windows\SYSTEM32\kernel.appcore.dll
0x00007ffe8e930000 - 0x00007ffe8e940000 	C:\Users\leroc\.jdks\corretto-11.0.18\bin\verify.dll
0x00007ffea82d0000 - 0x00007ffea84b4000 	C:\Windows\SYSTEM32\DBGHELP.DLL
0x00007ffe7eba0000 - 0x00007ffe7ebd4000 	C:\Windows\SYSTEM32\dbgcore.DLL
0x00007ffea9fd0000 - 0x00007ffeaa052000 	C:\Windows\System32\bcryptPrimitives.dll
0x00007ffe83430000 - 0x00007ffe83458000 	C:\Users\leroc\.jdks\corretto-11.0.18\bin\java.dll
0x00007ffe883f0000 - 0x00007ffe883fa000 	C:\Users\leroc\.jdks\corretto-11.0.18\bin\jimage.dll
0x00007ffe84d30000 - 0x00007ffe84d48000 	C:\Users\leroc\.jdks\corretto-11.0.18\bin\zip.dll
0x00007ffea7870000 - 0x00007ffea8004000 	C:\Windows\SYSTEM32\windows.storage.dll
0x00007ffeaa830000 - 0x00007ffeaab84000 	C:\Windows\System32\combase.dll
0x00007ffea9650000 - 0x00007ffea967e000 	C:\Windows\SYSTEM32\Wldp.dll
0x00007ffeaa6d0000 - 0x00007ffeaa77d000 	C:\Windows\System32\SHCORE.dll
0x00007ffea9c80000 - 0x00007ffea9ca5000 	C:\Windows\SYSTEM32\profapi.dll
0x00007ffe81810000 - 0x00007ffe81829000 	C:\Users\leroc\.jdks\corretto-11.0.18\bin\net.dll
0x00007ffea0600000 - 0x00007ffea070a000 	C:\Windows\SYSTEM32\WINHTTP.dll
0x00007ffea9390000 - 0x00007ffea93fa000 	C:\Windows\system32\mswsock.dll
0x00007ffe817f0000 - 0x00007ffe81803000 	C:\Users\leroc\.jdks\corretto-11.0.18\bin\nio.dll
0x00007ffea95b0000 - 0x00007ffea95c8000 	C:\Windows\SYSTEM32\CRYPTSP.dll
0x00007ffea8c90000 - 0x00007ffea8cc4000 	C:\Windows\system32\rsaenh.dll
0x00007ffeaa600000 - 0x00007ffeaa627000 	C:\Windows\System32\bcrypt.dll
0x00007ffea9c00000 - 0x00007ffea9c2e000 	C:\Windows\SYSTEM32\USERENV.dll
0x00007ffea95a0000 - 0x00007ffea95ac000 	C:\Windows\SYSTEM32\CRYPTBASE.dll
0x00007ffea9070000 - 0x00007ffea90ac000 	C:\Windows\SYSTEM32\IPHLPAPI.DLL
0x00007ffeabae0000 - 0x00007ffeabae8000 	C:\Windows\System32\NSI.dll
0x00007ffea1130000 - 0x00007ffea1147000 	C:\Windows\SYSTEM32\dhcpcsvc6.DLL
0x00007ffea10d0000 - 0x00007ffea10ed000 	C:\Windows\SYSTEM32\dhcpcsvc.DLL
0x00007ffea90b0000 - 0x00007ffea917a000 	C:\Windows\SYSTEM32\DNSAPI.dll
0x00007ffe35610000 - 0x00007ffe35627000 	C:\Windows\system32\napinsp.dll
0x00007ffe355f0000 - 0x00007ffe3560b000 	C:\Windows\system32\pnrpnsp.dll
0x00007ffea4100000 - 0x00007ffea4115000 	C:\Windows\system32\wshbth.dll
0x00007ffea5150000 - 0x00007ffea516d000 	C:\Windows\system32\NLAapi.dll
0x00007ffe35630000 - 0x00007ffe35642000 	C:\Windows\System32\winrnr.dll
0x00007ffea1010000 - 0x00007ffea101a000 	C:\Windows\System32\rasadhlp.dll
0x00007ffe995f0000 - 0x00007ffe99672000 	C:\Windows\System32\fwpuclnt.dll
0x00007ffe98020000 - 0x00007ffe98029000 	C:\Users\leroc\.jdks\corretto-11.0.18\bin\management.dll
0x00007ffe88720000 - 0x00007ffe8872b000 	C:\Users\leroc\.jdks\corretto-11.0.18\bin\management_ext.dll
0x00007ffea0f30000 - 0x00007ffea0f3e000 	C:\Users\leroc\.jdks\corretto-11.0.18\bin\sunmscapi.dll
0x00007ffea9d50000 - 0x00007ffea9eae000 	C:\Windows\System32\CRYPT32.dll
0x00007ffea96c0000 - 0x00007ffea96e8000 	C:\Windows\SYSTEM32\ncrypt.dll
0x00007ffea9680000 - 0x00007ffea96bb000 	C:\Windows\SYSTEM32\NTASN1.dll
0x00007ffe94ca0000 - 0x00007ffe94cc5000 	C:\Users\leroc\.jdks\corretto-11.0.18\bin\sunec.dll

dbghelp: loaded successfully - version: 4.0.5 - missing functions: none
symbol engine: initialized successfully - sym options: 0x614 - pdb path: .;C:\Users\leroc\.jdks\corretto-11.0.18\bin;C:\Windows\SYSTEM32;C:\Windows\WinSxS\amd64_microsoft.windows.common-controls_6595b64144ccf1df_6.0.19041.1110_none_60b5254171f9507e;C:\Program Files (x86)\360\Total Security\safemon;C:\Users\leroc\.jdks\corretto-11.0.18\bin\server

VM Arguments:
jvm_args: -Dorg.gradle.internal.worker.tmpdir=C:\Users\leroc\OneDrive\AllHomeWorks\SQLTaskOne\build\tmp\test\work -Dorg.gradle.native=false -Dselenide.headless -Xmx512m -Dfile.encoding=windows-1251 -Duser.country=RU -Duser.language=ru -Duser.variant -ea 
java_command: worker.org.gradle.process.internal.worker.GradleWorkerMain 'Gradle Test Executor 10'
java_class_path (initial): C:\\Users\\leroc\\.gradle\\caches\\7.5.1\\workerMain\\gradle-worker.jar;C:\\Users\\leroc\\OneDrive\\AllHomeWorks\\SQLTaskOne\\build\\classes\\java\\test;C:\\Users\\leroc\\.gradle\\caches\\modules-2\\files-2.1\\com.codeborne\\selenide\\6.15.0\\7add079f18a20ae68c7d307cc65bbe16ff08de46\\selenide-6.15.0.jar;C:\\Users\\leroc\\.gradle\\caches\\modules-2\\files-2.1\\mysql\\mysql-connector-java\\8.0.30\\b26dd6e4e917d3d4726c34d09d2fd67df7c1dd37\\mysql-connector-java-8.0.30.jar;C:\\Users\\leroc\\.gradle\\caches\\modules-2\\files-2.1\\com.github.javafaker\\javafaker\\1.0.2\\be0ff271b1208416822db4438864df47f90af92f\\javafaker-1.0.2.jar;C:\\Users\\leroc\\.gradle\\caches\\modules-2\\files-2.1\\commons-dbutils\\commons-dbutils\\1.7\\a2d6e515aa87e5d38f6b3003e70b13c1b1f19ca0\\commons-dbutils-1.7.jar;C:\\Users\\leroc\\.gradle\\caches\\modules-2\\files-2.1\\org.junit.platform\\junit-platform-engine\\1.8.1\\e6c63bf990dc88a6527b4ed617b23e47048f07e0\\junit-platform-engine-1.8.1.jar;C:\\Users\\leroc\\.gradle\\caches\\modules-2\\files-2.1\\org.junit.platform\\junit-platform-commons\\1.8.1\\1e362cbe6d0f225b066757865e233972557484\\junit-platform-commons-1.8.1.jar;C:\\Users\\leroc\\.gradle\\caches\\modules-2\\files-2.1\\org.junit.jupiter\\junit-jupiter-engine\\5.8.1\\21b86e08aae2720bbf017703669948be96d1388c\\junit-jupiter-engine-5.8.1.jar;C:\\Users\\leroc\\.gradle\\caches\\modules-2\\files-2.1\\org.junit.jupiter\\junit-jupiter-api\\5.8.1\\6538b88eb8bf8811bc7b6efb5246f835c15e0bfe\\junit-jupiter-api-5.8.1.jar;C:\\Users\\leroc\\.gradle\\caches\\modules-2\\files-2.1\\com.codeborne\\selenide-core\\6.15.0\\8262703bae14925031c7a747151afe56f829238c\\selenide-core-6.15.0.jar;C:\\Users\\leroc\\.gradle\\caches\\modules-2\\files-2.1\\org.seleniumhq.selenium\\selenium-java\\4.9.1\\18cef0adbc08d152da07b234a04f6e8240ce215f\\selenium-java-4.9.1.jar;C:\\Users\\leroc\\.gradle\\caches\\modules-2\\files-2.1\\org.seleniumhq.selenium\\selenium-chrome-driver\\4.9.1\\15c4b5e30eb17e3b864a
Launcher Type: SUN_STANDARD

[Global flags]
     intx CICompilerCount                          = 3                                         {product} {ergonomic}
     uint ConcGCThreads                            = 1                                         {product} {ergonomic}
     uint G1ConcRefinementThreads                  = 4                                         {product} {ergonomic}
   size_t G1HeapRegionSize                         = 1048576                                   {product} {ergonomic}
    uintx GCDrainStackTargetSize                   = 64                                        {product} {ergonomic}
   size_t InitialHeapSize                          = 58720256                                  {product} {ergonomic}
   size_t MarkStackSize                            = 4194304                                   {product} {ergonomic}
   size_t MaxHeapSize                              = 536870912                                 {product} {command line}
   size_t MaxNewSize                               = 321912832                                 {product} {ergonomic}
   size_t MinHeapDeltaBytes                        = 1048576                                   {product} {ergonomic}
    uintx NonNMethodCodeHeapSize                   = 5830732                                {pd product} {ergonomic}
    uintx NonProfiledCodeHeapSize                  = 122913754                              {pd product} {ergonomic}
    uintx ProfiledCodeHeapSize                     = 122913754                              {pd product} {ergonomic}
    uintx ReservedCodeCacheSize                    = 251658240                              {pd product} {ergonomic}
     bool SegmentedCodeCache                       = true                                      {product} {ergonomic}
     bool UseCompressedClassPointers               = true                                 {lp64_product} {ergonomic}
     bool UseCompressedOops                        = true                                 {lp64_product} {ergonomic}
     bool UseG1GC                                  = true                                      {product} {ergonomic}
     bool UseLargePagesIndividualAllocation        = false                                  {pd product} {ergonomic}

Logging:
Log output configuration:
 #0: stdout all=warning uptime,level,tags
 #1: stderr all=off uptime,level,tags

Environment Variables:
PATH=C:\Program Files\Common Files\Oracle\Java\javapath;C:\Program Files\Eclipse Adoptium\jdk-11.0.17.8-hotspot\bin;C:\Program Files (x86)\Common Files\Intel\Shared Files\cpp\bin\Intel64;C:\Windows\system32;C:\Windows;C:\Windows\System32\Wbem;C:\Windows\System32\WindowsPowerShell\v1.0\;C:\Windows\System32\OpenSSH\;C:\Program Files\Git\cmd;C:\Program Files\nodejs\;C:\Program Files\Docker\Docker\resources\bin;C:\Users\leroc\AppData\Local\Microsoft\WindowsApps;;C:\Users\leroc\AppData\Local\Programs\Microsoft VS Code\bin;C:\Users\leroc\AppData\Roaming\npm
USERNAME=leroc
OS=Windows_NT
PROCESSOR_IDENTIFIER=AMD64 Family 23 Model 24 Stepping 1, AuthenticAMD
TMP=C:\Users\leroc\AppData\Local\Temp
TEMP=C:\Users\leroc\AppData\Local\Temp



---------------  S Y S T E M  ---------------

OS: Windows 10 , 64 bit Build 19041 (10.0.19041.3155)
OS uptime: 0 days 4:05 hours
Hyper-V role detected

CPU:total 4 (initial active 4) (4 cores per cpu, 2 threads per core) family 23 model 24 stepping 1 microcode 0x0, cmov, cx8, fxsr, mmx, sse, sse2, sse3, ssse3, sse4.1, sse4.2, popcnt, avx, avx2, aes, clmul, mmxext, 3dnowpref, lzcnt, sse4a, ht, tsc, tscinvbit, tscinv, bmi1, bmi2, adx, sha, fma

Memory: 4k page, system-wide physical 3460M (96M free)
TotalPageFile size 14212M (AvailPageFile size 2M)
current process WorkingSet (physical memory assigned to process): 144M, peak: 173M
current process commit charge ("private bytes"): 199M, peak: 217M

vm_info: OpenJDK 64-Bit Server VM (11.0.18+10-LTS) for windows-amd64 JRE (11.0.18+10-LTS), built on Jan 10 2023 20:17:52 by "Administrator" with MS VC++ 15.9 (VS2017)

END.
