#
# There is insufficient memory for the Java Runtime Environment to continue.
# Native memory allocation (malloc) failed to allocate 865856 bytes for Chunk::new
# Possible reasons:
#   The system is out of physical RAM or swap space
#   The process is running with CompressedOops enabled, and the Java Heap may be blocking the growth of the native heap
# Possible solutions:
#   Reduce memory load on the system
#   Increase physical memory or swap space
#   Check if swap backing store is full
#   Decrease Java heap size (-Xmx/-Xms)
#   Decrease number of Java threads
#   Decrease Java thread stack sizes (-Xss)
#   Set larger code cache with -XX:ReservedCodeCacheSize=
#   JVM is running with Unscaled Compressed Oops mode in which the Java heap is
#     placed in the first 4GB address space. The Java Heap base address is the
#     maximum limit for the native heap growth. Please use -XX:HeapBaseMinAddress
#     to set the Java Heap base and to place the Java Heap above 4GB virtual address.
# This output file may be truncated or incomplete.
#
#  Out of Memory Error (./src/hotspot/share/memory/arena.cpp:197), pid=18680, tid=10900
#
# JRE version: OpenJDK Runtime Environment Corretto-11.0.18.10.1 (11.0.18+10) (build 11.0.18+10-LTS)
# Java VM: OpenJDK 64-Bit Server VM Corretto-11.0.18.10.1 (11.0.18+10-LTS, mixed mode, tiered, compressed oops, g1 gc, windows-amd64)
# No core dump will be written. Minidumps are not enabled by default on client versions of Windows
#

---------------  S U M M A R Y ------------

Command Line: -Dorg.gradle.internal.worker.tmpdir=C:\Users\leroc\OneDrive\AllHomeWorks\SQLTaskOne\build\tmp\test\work -Dorg.gradle.native=false -Dselenide.headless -Xmx512m -Dfile.encoding=windows-1251 -Duser.country=RU -Duser.language=ru -Duser.variant -ea worker.org.gradle.process.internal.worker.GradleWorkerMain 'Gradle Test Executor 6'

Host: AMD Athlon 300U with Radeon Vega Mobile Gfx    , 4 cores, 3G,  Windows 10 , 64 bit Build 19041 (10.0.19041.3155)
Time: Wed Jul 26 22:55:46 2023 RTZ 6 (s 10 , 64 bit Build 19041 (10.0.19041.3155) elapsed time: 13.905090 seconds (0d 0h 0m 13s)

---------------  T H R E A D  ---------------

Current thread (0x000001e9ff468000):  JavaThread "C2 CompilerThread0" daemon [_thread_in_native, id=10900, stack(0x00000037e9f00000,0x00000037ea000000)]


Current CompileTask:
C2:  13905 2477   !   4       jdk.internal.loader.BuiltinClassLoader::loadClassOrNull (143 bytes)

Stack: [0x00000037e9f00000,0x00000037ea000000]
Native frames: (J=compiled Java code, j=interpreted, Vv=VM code, C=native code)
V  [jvm.dll+0x622d9a]
V  [jvm.dll+0x7b0289]
V  [jvm.dll+0x7b1978]
V  [jvm.dll+0x7b2053]
V  [jvm.dll+0x24fe08]
V  [jvm.dll+0xc264c]
V  [jvm.dll+0xc2c0c]
V  [jvm.dll+0x2c3d84]
V  [jvm.dll+0x53197c]
V  [jvm.dll+0x208b36]
V  [jvm.dll+0x20ac56]
V  [jvm.dll+0x2082fb]
V  [jvm.dll+0x18a3c1]
V  [jvm.dll+0x217ac4]
V  [jvm.dll+0x215d0b]
V  [jvm.dll+0x772d90]
V  [jvm.dll+0x76bcc4]
V  [jvm.dll+0x621c05]
C  [ucrtbase.dll+0x21bb2]
C  [KERNEL32.DLL+0x17614]
C  [ntdll.dll+0x526b1]


---------------  P R O C E S S  ---------------

Threads class SMR info:
_java_thread_list=0x000001e983733190, length=24, elements={
0x000001e9e3dd3800, 0x000001e9ff403800, 0x000001e9ff40d800, 0x000001e9ff460000,
0x000001e9ff461000, 0x000001e9ff465800, 0x000001e9ff468000, 0x000001e9ff474000,
0x000001e9ff479800, 0x000001e9ff6a8800, 0x000001e9825d5000, 0x000001e98273a800,
0x000001e98270f000, 0x000001e983717800, 0x000001e98219f800, 0x000001e982f73000,
0x000001e98365f000, 0x000001e983670000, 0x000001e984110800, 0x000001e982f1a800,
0x000001e982188000, 0x000001e98218e000, 0x000001e98218e800, 0x000001e98218a000
}

Java Threads: ( => current thread )
  0x000001e9e3dd3800 JavaThread "Test worker" [_thread_blocked, id=19860, stack(0x00000037e9300000,0x00000037e9400000)]
  0x000001e9ff403800 JavaThread "Reference Handler" daemon [_thread_blocked, id=812, stack(0x00000037e9a00000,0x00000037e9b00000)]
  0x000001e9ff40d800 JavaThread "Finalizer" daemon [_thread_blocked, id=21324, stack(0x00000037e9b00000,0x00000037e9c00000)]
  0x000001e9ff460000 JavaThread "Signal Dispatcher" daemon [_thread_blocked, id=19104, stack(0x00000037e9c00000,0x00000037e9d00000)]
  0x000001e9ff461000 JavaThread "Attach Listener" daemon [_thread_blocked, id=20036, stack(0x00000037e9d00000,0x00000037e9e00000)]
  0x000001e9ff465800 JavaThread "Service Thread" daemon [_thread_blocked, id=20592, stack(0x00000037e9e00000,0x00000037e9f00000)]
=>0x000001e9ff468000 JavaThread "C2 CompilerThread0" daemon [_thread_in_native, id=10900, stack(0x00000037e9f00000,0x00000037ea000000)]
  0x000001e9ff474000 JavaThread "C1 CompilerThread0" daemon [_thread_blocked, id=5300, stack(0x00000037ea000000,0x00000037ea100000)]
  0x000001e9ff479800 JavaThread "Sweeper thread" daemon [_thread_blocked, id=19276, stack(0x00000037ea100000,0x00000037ea200000)]
  0x000001e9ff6a8800 JavaThread "Common-Cleaner" daemon [_thread_blocked, id=6088, stack(0x00000037ea300000,0x00000037ea400000)]
  0x000001e9825d5000 JavaThread "/127.0.0.1:59339 to /127.0.0.1:59337 workers" [_thread_blocked, id=18808, stack(0x00000037ea700000,0x00000037ea800000)]
  0x000001e98273a800 JavaThread "/127.0.0.1:59339 to /127.0.0.1:59337 workers Thread 2" [_thread_in_Java, id=15540, stack(0x00000037ea800000,0x00000037ea900000)]
  0x000001e98270f000 JavaThread "/127.0.0.1:59339 to /127.0.0.1:59337 workers Thread 3" [_thread_in_native, id=21004, stack(0x00000037ea900000,0x00000037eaa00000)]
  0x000001e983717800 JavaThread "ForkJoinPool.commonPool-worker-3" daemon [_thread_blocked, id=20096, stack(0x00000037eac00000,0x00000037ead00000)]
  0x000001e98219f800 JavaThread "AsyncHttpClient-1-1" daemon [_thread_blocked, id=2432, stack(0x00000037ead00000,0x00000037eae00000)]
  0x000001e982f73000 JavaThread "Exec Default Executor" daemon [_thread_in_native, id=21732, stack(0x00000037eae00000,0x00000037eaf00000)]
  0x000001e98365f000 JavaThread "Exec Stream Pumper" daemon [_thread_in_native, id=6776, stack(0x00000037eaf00000,0x00000037eb000000)]
  0x000001e983670000 JavaThread "Exec Stream Pumper" daemon [_thread_in_native, id=20080, stack(0x00000037eb000000,0x00000037eb100000)]
  0x000001e984110800 JavaThread "Driver Service Executor" daemon [_thread_blocked, id=3708, stack(0x00000037eb100000,0x00000037eb200000)]
  0x000001e982f1a800 JavaThread "Driver Service Executor" daemon [_thread_blocked, id=12584, stack(0x00000037eb200000,0x00000037eb300000)]
  0x000001e982188000 JavaThread "UrlChecker-2" daemon [_thread_blocked, id=19416, stack(0x00000037eb300000,0x00000037eb400000)]
  0x000001e98218e000 JavaThread "AsyncHttpClient-1-2" daemon [_thread_in_native, id=13004, stack(0x00000037eb500000,0x00000037eb600000)]
  0x000001e98218e800 JavaThread "AsyncHttpClient-1-3" daemon [_thread_in_native, id=14916, stack(0x00000037eb400000,0x00000037eb500000)]
  0x000001e98218a000 JavaThread "AsyncHttpClient-1-4" daemon [_thread_in_native, id=19580, stack(0x00000037eb600000,0x00000037eb700000)]

Other Threads:
  0x000001e9ff3dc800 VMThread "VM Thread" [stack: 0x00000037e9900000,0x00000037e9a00000] [id=20692]
  0x000001e9ff6f9800 WatcherThread [stack: 0x00000037ea200000,0x00000037ea300000] [id=17816]
  0x000001e9e3ded000 GCTaskThread "GC Thread#0" [stack: 0x00000037e9400000,0x00000037e9500000] [id=11400]
  0x000001e9825d7800 GCTaskThread "GC Thread#1" [stack: 0x00000037ea500000,0x00000037ea600000] [id=17568]
  0x000001e9ff99e800 GCTaskThread "GC Thread#2" [stack: 0x00000037eaa00000,0x00000037eab00000] [id=19544]
  0x000001e9826e2000 GCTaskThread "GC Thread#3" [stack: 0x00000037eab00000,0x00000037eac00000] [id=12848]
  0x000001e9e3dff000 ConcurrentGCThread "G1 Main Marker" [stack: 0x00000037e9500000,0x00000037e9600000] [id=19060]
  0x000001e9e3e01000 ConcurrentGCThread "G1 Conc#0" [stack: 0x00000037e9600000,0x00000037e9700000] [id=19568]
  0x000001e9e3e44800 ConcurrentGCThread "G1 Refine#0" [stack: 0x00000037e9700000,0x00000037e9800000] [id=18956]
  0x000001e9ff6a7800 ConcurrentGCThread "G1 Refine#1" [stack: 0x00000037ea600000,0x00000037ea700000] [id=19856]
  0x000001e9e3e45800 ConcurrentGCThread "G1 Young RemSet Sampling" [stack: 0x00000037e9800000,0x00000037e9900000] [id=18812]

Threads with active compile tasks:
C2 CompilerThread0    14001 2477   !   4       jdk.internal.loader.BuiltinClassLoader::loadClassOrNull (143 bytes)

VM state:not at safepoint (normal execution)

VM Mutex/Monitor currently owned by a thread: None

Heap address: 0x00000000e0000000, size: 512 MB, Compressed Oops mode: 32-bit
Narrow klass base: 0x0000000000000000, Narrow klass shift: 3
Compressed class space size: 1073741824 Address: 0x0000000100000000

Heap:
 garbage-first heap   total 57344K, used 27456K [0x00000000e0000000, 0x0000000100000000)
  region size 1024K, 11 young (11264K), 2 survivors (2048K)
 Metaspace       used 32797K, capacity 33912K, committed 34048K, reserved 1079296K
  class space    used 3875K, capacity 4288K, committed 4352K, reserved 1048576K
Heap Regions: E=young(eden), S=young(survivor), O=old, HS=humongous(starts), HC=humongous(continues), CS=collection set, F=free, A=archive, TAMS=top-at-mark-start (previous, next)
|   0|0x00000000e0000000, 0x00000000e0100000, 0x00000000e0100000|100%| O|  |TAMS 0x00000000e0100000, 0x00000000e0000000| Untracked 
|   1|0x00000000e0100000, 0x00000000e0200000, 0x00000000e0200000|100%| O|  |TAMS 0x00000000e0200000, 0x00000000e0100000| Untracked 
|   2|0x00000000e0200000, 0x00000000e0300000, 0x00000000e0300000|100%| O|  |TAMS 0x00000000e0300000, 0x00000000e0200000| Untracked 
|   3|0x00000000e0300000, 0x00000000e0400000, 0x00000000e0400000|100%| O|  |TAMS 0x00000000e0400000, 0x00000000e0300000| Untracked 
|   4|0x00000000e0400000, 0x00000000e0500000, 0x00000000e0500000|100%| O|  |TAMS 0x00000000e0500000, 0x00000000e0400000| Untracked 
|   5|0x00000000e0500000, 0x00000000e0600000, 0x00000000e0600000|100%| O|  |TAMS 0x00000000e05f2400, 0x00000000e0500000| Untracked 
|   6|0x00000000e0600000, 0x00000000e0700000, 0x00000000e0700000|100%| O|  |TAMS 0x00000000e0600000, 0x00000000e0600000| Untracked 
|   7|0x00000000e0700000, 0x00000000e0800000, 0x00000000e0800000|100%| O|  |TAMS 0x00000000e0700000, 0x00000000e0700000| Untracked 
|   8|0x00000000e0800000, 0x00000000e0900000, 0x00000000e0900000|100%| O|  |TAMS 0x00000000e0800000, 0x00000000e0800000| Untracked 
|   9|0x00000000e0900000, 0x00000000e0a00000, 0x00000000e0a00000|100%| O|  |TAMS 0x00000000e0900000, 0x00000000e0900000| Untracked 
|  10|0x00000000e0a00000, 0x00000000e0b00000, 0x00000000e0b00000|100%| O|  |TAMS 0x00000000e0a00000, 0x00000000e0a00000| Untracked 
|  11|0x00000000e0b00000, 0x00000000e0c00000, 0x00000000e0c00000|100%| O|  |TAMS 0x00000000e0b00000, 0x00000000e0b00000| Untracked 
|  12|0x00000000e0c00000, 0x00000000e0d00000, 0x00000000e0d00000|100%|HS|  |TAMS 0x00000000e0c00000, 0x00000000e0c00000| Complete 
|  13|0x00000000e0d00000, 0x00000000e0e00000, 0x00000000e0e00000|100%|HC|  |TAMS 0x00000000e0d00000, 0x00000000e0d00000| Complete 
|  14|0x00000000e0e00000, 0x00000000e0f00000, 0x00000000e0f00000|100%|HC|  |TAMS 0x00000000e0e00000, 0x00000000e0e00000| Complete 
|  15|0x00000000e0f00000, 0x00000000e1000000, 0x00000000e1000000|100%|HC|  |TAMS 0x00000000e0f00000, 0x00000000e0f00000| Complete 
|  16|0x00000000e1000000, 0x00000000e1100000, 0x00000000e1100000|100%|HC|  |TAMS 0x00000000e1000000, 0x00000000e1000000| Complete 
|  17|0x00000000e1100000, 0x00000000e1108200, 0x00000000e1200000|  3%| O|  |TAMS 0x00000000e1100000, 0x00000000e1100000| Untracked 
|  18|0x00000000e1200000, 0x00000000e1200000, 0x00000000e1300000|  0%| F|  |TAMS 0x00000000e1200000, 0x00000000e1200000| Untracked 
|  19|0x00000000e1300000, 0x00000000e1300000, 0x00000000e1400000|  0%| F|  |TAMS 0x00000000e1300000, 0x00000000e1300000| Untracked 
|  20|0x00000000e1400000, 0x00000000e1400000, 0x00000000e1500000|  0%| F|  |TAMS 0x00000000e1400000, 0x00000000e1400000| Untracked 
|  21|0x00000000e1500000, 0x00000000e1500000, 0x00000000e1600000|  0%| F|  |TAMS 0x00000000e1500000, 0x00000000e1500000| Untracked 
|  22|0x00000000e1600000, 0x00000000e1600000, 0x00000000e1700000|  0%| F|  |TAMS 0x00000000e1600000, 0x00000000e1600000| Untracked 
|  23|0x00000000e1700000, 0x00000000e1700000, 0x00000000e1800000|  0%| F|  |TAMS 0x00000000e1700000, 0x00000000e1700000| Untracked 
|  24|0x00000000e1800000, 0x00000000e1800000, 0x00000000e1900000|  0%| F|  |TAMS 0x00000000e1800000, 0x00000000e1800000| Untracked 
|  25|0x00000000e1900000, 0x00000000e1900000, 0x00000000e1a00000|  0%| F|  |TAMS 0x00000000e1900000, 0x00000000e1900000| Untracked 
|  26|0x00000000e1a00000, 0x00000000e1a00000, 0x00000000e1b00000|  0%| F|  |TAMS 0x00000000e1a00000, 0x00000000e1a00000| Untracked 
|  27|0x00000000e1b00000, 0x00000000e1b00000, 0x00000000e1c00000|  0%| F|  |TAMS 0x00000000e1b00000, 0x00000000e1b00000| Untracked 
|  28|0x00000000e1c00000, 0x00000000e1c00000, 0x00000000e1d00000|  0%| F|  |TAMS 0x00000000e1c00000, 0x00000000e1c00000| Untracked 
|  29|0x00000000e1d00000, 0x00000000e1d00000, 0x00000000e1e00000|  0%| F|  |TAMS 0x00000000e1d00000, 0x00000000e1d00000| Untracked 
|  30|0x00000000e1e00000, 0x00000000e1e00000, 0x00000000e1f00000|  0%| F|  |TAMS 0x00000000e1e00000, 0x00000000e1e00000| Untracked 
|  31|0x00000000e1f00000, 0x00000000e1fc7eb0, 0x00000000e2000000| 78%| S|CS|TAMS 0x00000000e1f00000, 0x00000000e1f00000| Complete 
|  32|0x00000000e2000000, 0x00000000e2000000, 0x00000000e2100000|  0%| F|  |TAMS 0x00000000e2000000, 0x00000000e2000000| Untracked 
|  33|0x00000000e2100000, 0x00000000e2100000, 0x00000000e2200000|  0%| F|  |TAMS 0x00000000e2100000, 0x00000000e2100000| Untracked 
|  34|0x00000000e2200000, 0x00000000e2300000, 0x00000000e2300000|100%| S|CS|TAMS 0x00000000e2200000, 0x00000000e2200000| Complete 
|  35|0x00000000e2300000, 0x00000000e2300000, 0x00000000e2400000|  0%| F|  |TAMS 0x00000000e2300000, 0x00000000e2300000| Untracked 
|  36|0x00000000e2400000, 0x00000000e2400000, 0x00000000e2500000|  0%| F|  |TAMS 0x00000000e2400000, 0x00000000e2400000| Untracked 
|  37|0x00000000e2500000, 0x00000000e2500000, 0x00000000e2600000|  0%| F|  |TAMS 0x00000000e2500000, 0x00000000e2500000| Untracked 
|  38|0x00000000e2600000, 0x00000000e2600000, 0x00000000e2700000|  0%| F|  |TAMS 0x00000000e2600000, 0x00000000e2600000| Untracked 
|  39|0x00000000e2700000, 0x00000000e2700000, 0x00000000e2800000|  0%| F|  |TAMS 0x00000000e2700000, 0x00000000e2700000| Untracked 
|  40|0x00000000e2800000, 0x00000000e2800000, 0x00000000e2900000|  0%| F|  |TAMS 0x00000000e2800000, 0x00000000e2800000| Untracked 
|  41|0x00000000e2900000, 0x00000000e2900000, 0x00000000e2a00000|  0%| F|  |TAMS 0x00000000e2900000, 0x00000000e2900000| Untracked 
|  42|0x00000000e2a00000, 0x00000000e2a00000, 0x00000000e2b00000|  0%| F|  |TAMS 0x00000000e2a00000, 0x00000000e2a00000| Untracked 
|  43|0x00000000e2b00000, 0x00000000e2b00000, 0x00000000e2c00000|  0%| F|  |TAMS 0x00000000e2b00000, 0x00000000e2b00000| Untracked 
|  44|0x00000000e2c00000, 0x00000000e2c00000, 0x00000000e2d00000|  0%| F|  |TAMS 0x00000000e2c00000, 0x00000000e2c00000| Untracked 
|  45|0x00000000e2d00000, 0x00000000e2d00000, 0x00000000e2e00000|  0%| F|  |TAMS 0x00000000e2d00000, 0x00000000e2d00000| Untracked 
|  46|0x00000000e2e00000, 0x00000000e2e00000, 0x00000000e2f00000|  0%| F|  |TAMS 0x00000000e2e00000, 0x00000000e2e00000| Untracked 
|  47|0x00000000e2f00000, 0x00000000e2f46558, 0x00000000e3000000| 27%| E|  |TAMS 0x00000000e2f00000, 0x00000000e2f00000| Complete 
|  48|0x00000000e3000000, 0x00000000e3100000, 0x00000000e3100000|100%| E|CS|TAMS 0x00000000e3000000, 0x00000000e3000000| Complete 
|  49|0x00000000e3100000, 0x00000000e3200000, 0x00000000e3200000|100%| E|CS|TAMS 0x00000000e3100000, 0x00000000e3100000| Complete 
|  50|0x00000000e3200000, 0x00000000e3300000, 0x00000000e3300000|100%| E|CS|TAMS 0x00000000e3200000, 0x00000000e3200000| Complete 
|  51|0x00000000e3300000, 0x00000000e3400000, 0x00000000e3400000|100%| E|CS|TAMS 0x00000000e3300000, 0x00000000e3300000| Complete 
|  52|0x00000000e3400000, 0x00000000e3500000, 0x00000000e3500000|100%| E|CS|TAMS 0x00000000e3400000, 0x00000000e3400000| Complete 
|  53|0x00000000e3500000, 0x00000000e3600000, 0x00000000e3600000|100%| E|CS|TAMS 0x00000000e3500000, 0x00000000e3500000| Complete 
|  54|0x00000000e3600000, 0x00000000e3700000, 0x00000000e3700000|100%| E|CS|TAMS 0x00000000e3600000, 0x00000000e3600000| Complete 
|  55|0x00000000e3700000, 0x00000000e3800000, 0x00000000e3800000|100%| E|CS|TAMS 0x00000000e3700000, 0x00000000e3700000| Complete 

Card table byte_map: [0x000001e9fd440000,0x000001e9fd540000] _byte_map_base: 0x000001e9fcd40000

Marking Bits (Prev, Next): (CMBitMap*) 0x000001e9e3dfc020, (CMBitMap*) 0x000001e9e3dfbfe8
 Prev Bits: [0x000001e9fde40000, 0x000001e9fe640000)
 Next Bits: [0x000001e9fd640000, 0x000001e9fde40000)

Polling page: 0x000001e9e3c10000

Metaspace:

Usage:
  Non-class:     28.93 MB capacity,    28.24 MB ( 98%) used,   583.04 KB (  2%) free+waste,   119.00 KB ( <1%) overhead. 
      Class:      4.19 MB capacity,     3.78 MB ( 90%) used,   353.21 KB (  8%) free+waste,    59.00 KB (  1%) overhead. 
       Both:     33.12 MB capacity,    32.03 MB ( 97%) used,   936.25 KB (  3%) free+waste,   178.00 KB ( <1%) overhead. 

Virtual space:
  Non-class space:       30.00 MB reserved,      29.00 MB ( 97%) committed 
      Class space:        1.00 GB reserved,       4.25 MB ( <1%) committed 
             Both:        1.03 GB reserved,      33.25 MB (  3%) committed 

Chunk freelists:
   Non-Class:  8.00 KB
       Class:  0 bytes
        Both:  8.00 KB

MaxMetaspaceSize: 17179869184.00 GB
CompressedClassSpaceSize: 1.00 GB
Initial GC threshold: 20.80 MB
Current GC threshold: 35.00 MB
CDS: off

CodeHeap 'non-profiled nmethods': size=120064Kb used=1097Kb max_used=1097Kb free=118966Kb
 bounds [0x000001e9f57e0000, 0x000001e9f5a50000, 0x000001e9fcd20000]
CodeHeap 'profiled nmethods': size=120000Kb used=5257Kb max_used=5257Kb free=114742Kb
 bounds [0x000001e9ee2b0000, 0x000001e9ee7e0000, 0x000001e9f57e0000]
CodeHeap 'non-nmethods': size=5696Kb used=1255Kb max_used=1271Kb free=4440Kb
 bounds [0x000001e9edd20000, 0x000001e9edf90000, 0x000001e9ee2b0000]
 total_blobs=3016 nmethods=2481 adapters=447
 compilation: enabled
              stopped_count=0, restarted_count=0
 full_count=0

Compilation events (20 events):
Event: 13.764 Thread 0x000001e9ff474000 2483       3       java.io.ObjectStreamField::getTypeCode (9 bytes)
Event: 13.765 Thread 0x000001e9ff474000 nmethod 2483 0x000001e9ee7cb310 code [0x000001e9ee7cb540, 0x000001e9ee7cbac8]
Event: 13.767 Thread 0x000001e9ff474000 2484       1       java.lang.reflect.Constructor::getModifiers (5 bytes)
Event: 13.767 Thread 0x000001e9ff474000 nmethod 2484 0x000001e9f58f1b90 code [0x000001e9f58f1d40, 0x000001e9f58f1df8]
Event: 13.769 Thread 0x000001e9ff474000 2485       3       java.lang.Class::getDeclaredMethod (63 bytes)
Event: 13.771 Thread 0x000001e9ff474000 nmethod 2485 0x000001e9ee7cbd10 code [0x000001e9ee7cbfc0, 0x000001e9ee7ccaa8]
Event: 13.777 Thread 0x000001e9ff474000 2486       3       java.lang.Class::methodToString (98 bytes)
Event: 13.779 Thread 0x000001e9ff474000 nmethod 2486 0x000001e9ee7cce90 code [0x000001e9ee7cd180, 0x000001e9ee7cde98]
Event: 13.779 Thread 0x000001e9ff474000 2487       3       java.lang.NoSuchMethodException::<init> (6 bytes)
Event: 13.780 Thread 0x000001e9ff474000 nmethod 2487 0x000001e9ee7ce390 code [0x000001e9ee7ce560, 0x000001e9ee7ce748]
Event: 13.859 Thread 0x000001e9ff474000 2490       3       java.lang.ModuleLayer::boot (4 bytes)
Event: 13.860 Thread 0x000001e9ff474000 nmethod 2490 0x000001e9ee7ce810 code [0x000001e9ee7ce9c0, 0x000001e9ee7ceab8]
Event: 13.862 Thread 0x000001e9ff474000 2491       3       java.lang.Integer::parseInt (259 bytes)
Event: 13.866 Thread 0x000001e9ff474000 nmethod 2491 0x000001e9ee7ceb10 code [0x000001e9ee7cf000, 0x000001e9ee7d1258]
Event: 13.866 Thread 0x000001e9ff474000 2492       1       java.lang.StackTraceElement::getClassName (5 bytes)
Event: 13.867 Thread 0x000001e9ff474000 nmethod 2492 0x000001e9f58f1e90 code [0x000001e9f58f2040, 0x000001e9f58f20f8]
Event: 13.867 Thread 0x000001e9ff474000 2493       1       java.lang.StackTraceElement::getMethodName (5 bytes)
Event: 13.867 Thread 0x000001e9ff474000 nmethod 2493 0x000001e9f58f2190 code [0x000001e9f58f2340, 0x000001e9f58f23f8]
Event: 13.867 Thread 0x000001e9ff474000 2494       3       sun.util.locale.LocaleUtils::isAlphaNumeric (20 bytes)
Event: 13.868 Thread 0x000001e9ff474000 nmethod 2494 0x000001e9ee7d1f90 code [0x000001e9ee7d2160, 0x000001e9ee7d2518]

GC Heap History (16 events):
Event: 1.642 GC heap before
{Heap before GC invocations=0 (full 0):
 garbage-first heap   total 57344K, used 14336K [0x00000000e0000000, 0x0000000100000000)
  region size 1024K, 14 young (14336K), 0 survivors (0K)
 Metaspace       used 11159K, capacity 11398K, committed 11520K, reserved 1058816K
  class space    used 1114K, capacity 1211K, committed 1280K, reserved 1048576K
}
Event: 1.657 GC heap after
{Heap after GC invocations=1 (full 0):
 garbage-first heap   total 57344K, used 5819K [0x00000000e0000000, 0x0000000100000000)
  region size 1024K, 2 young (2048K), 2 survivors (2048K)
 Metaspace       used 11159K, capacity 11398K, committed 11520K, reserved 1058816K
  class space    used 1114K, capacity 1211K, committed 1280K, reserved 1048576K
}
Event: 2.905 GC heap before
{Heap before GC invocations=1 (full 0):
 garbage-first heap   total 57344K, used 9915K [0x00000000e0000000, 0x0000000100000000)
  region size 1024K, 6 young (6144K), 2 survivors (2048K)
 Metaspace       used 12645K, capacity 12968K, committed 13312K, reserved 1060864K
  class space    used 1305K, capacity 1416K, committed 1536K, reserved 1048576K
}
Event: 2.916 GC heap after
{Heap after GC invocations=2 (full 0):
 garbage-first heap   total 57344K, used 6287K [0x00000000e0000000, 0x0000000100000000)
  region size 1024K, 1 young (1024K), 1 survivors (1024K)
 Metaspace       used 12645K, capacity 12968K, committed 13312K, reserved 1060864K
  class space    used 1305K, capacity 1416K, committed 1536K, reserved 1048576K
}
Event: 3.675 GC heap before
{Heap before GC invocations=2 (full 0):
 garbage-first heap   total 57344K, used 22671K [0x00000000e0000000, 0x0000000100000000)
  region size 1024K, 17 young (17408K), 1 survivors (1024K)
 Metaspace       used 15706K, capacity 16403K, committed 16640K, reserved 1064960K
  class space    used 1771K, capacity 2024K, committed 2048K, reserved 1048576K
}
Event: 3.678 GC heap after
{Heap after GC invocations=3 (full 0):
 garbage-first heap   total 57344K, used 6951K [0x00000000e0000000, 0x0000000100000000)
  region size 1024K, 1 young (1024K), 1 survivors (1024K)
 Metaspace       used 15706K, capacity 16403K, committed 16640K, reserved 1064960K
  class space    used 1771K, capacity 2024K, committed 2048K, reserved 1048576K
}
Event: 4.729 GC heap before
{Heap before GC invocations=3 (full 0):
 garbage-first heap   total 57344K, used 24359K [0x00000000e0000000, 0x0000000100000000)
  region size 1024K, 19 young (19456K), 1 survivors (1024K)
 Metaspace       used 20403K, capacity 21195K, committed 21248K, reserved 1069056K
  class space    used 2255K, capacity 2557K, committed 2560K, reserved 1048576K
}
Event: 4.738 GC heap after
{Heap after GC invocations=4 (full 0):
 garbage-first heap   total 57344K, used 9161K [0x00000000e0000000, 0x0000000100000000)
  region size 1024K, 3 young (3072K), 3 survivors (3072K)
 Metaspace       used 20403K, capacity 21195K, committed 21248K, reserved 1069056K
  class space    used 2255K, capacity 2557K, committed 2560K, reserved 1048576K
}
Event: 5.431 GC heap before
{Heap before GC invocations=5 (full 0):
 garbage-first heap   total 57344K, used 29641K [0x00000000e0000000, 0x0000000100000000)
  region size 1024K, 23 young (23552K), 3 survivors (3072K)
 Metaspace       used 21839K, capacity 22664K, committed 22784K, reserved 1069056K
  class space    used 2429K, capacity 2751K, committed 2816K, reserved 1048576K
}
Event: 5.442 GC heap after
{Heap after GC invocations=6 (full 0):
 garbage-first heap   total 57344K, used 11407K [0x00000000e0000000, 0x0000000100000000)
  region size 1024K, 3 young (3072K), 3 survivors (3072K)
 Metaspace       used 21839K, capacity 22664K, committed 22784K, reserved 1069056K
  class space    used 2429K, capacity 2751K, committed 2816K, reserved 1048576K
}
Event: 6.309 GC heap before
{Heap before GC invocations=6 (full 0):
 garbage-first heap   total 57344K, used 31887K [0x00000000e0000000, 0x0000000100000000)
  region size 1024K, 23 young (23552K), 3 survivors (3072K)
 Metaspace       used 24344K, capacity 25232K, committed 25472K, reserved 1071104K
  class space    used 2756K, capacity 3095K, committed 3200K, reserved 1048576K
}
Event: 6.316 GC heap after
{Heap after GC invocations=7 (full 0):
 garbage-first heap   total 57344K, used 12555K [0x00000000e0000000, 0x0000000100000000)
  region size 1024K, 1 young (1024K), 1 survivors (1024K)
 Metaspace       used 24344K, capacity 25232K, committed 25472K, reserved 1071104K
  class space    used 2756K, capacity 3095K, committed 3200K, reserved 1048576K
}
Event: 7.444 GC heap before
{Heap before GC invocations=7 (full 0):
 garbage-first heap   total 57344K, used 34059K [0x00000000e0000000, 0x0000000100000000)
  region size 1024K, 22 young (22528K), 1 survivors (1024K)
 Metaspace       used 28555K, capacity 29477K, committed 29568K, reserved 1075200K
  class space    used 3286K, capacity 3641K, committed 3712K, reserved 1048576K
}
Event: 7.448 GC heap after
{Heap after GC invocations=8 (full 0):
 garbage-first heap   total 57344K, used 13408K [0x00000000e0000000, 0x0000000100000000)
  region size 1024K, 2 young (2048K), 2 survivors (2048K)
 Metaspace       used 28555K, capacity 29477K, committed 29568K, reserved 1075200K
  class space    used 3286K, capacity 3641K, committed 3712K, reserved 1048576K
}
Event: 13.272 GC heap before
{Heap before GC invocations=8 (full 0):
 garbage-first heap   total 57344K, used 40032K [0x00000000e0000000, 0x0000000100000000)
  region size 1024K, 23 young (23552K), 2 survivors (2048K)
 Metaspace       used 31457K, capacity 32470K, committed 32512K, reserved 1077248K
  class space    used 3681K, capacity 4066K, committed 4096K, reserved 1048576K
}
Event: 13.276 GC heap after
{Heap after GC invocations=9 (full 0):
 garbage-first heap   total 57344K, used 19264K [0x00000000e0000000, 0x0000000100000000)
  region size 1024K, 2 young (2048K), 2 survivors (2048K)
 Metaspace       used 31457K, capacity 32470K, committed 32512K, reserved 1077248K
  class space    used 3681K, capacity 4066K, committed 4096K, reserved 1048576K
}

Deoptimization events (20 events):
Event: 13.559 Thread 0x000001e9e3dd3800 Uncommon trap: trap_request=0xffffffde fr.pc=0x000001e9f58d9ce0 relative=0x0000000000000120
Event: 13.559 Thread 0x000001e9e3dd3800 Uncommon trap: reason=class_check action=maybe_recompile pc=0x000001e9f58d9ce0 method=org.openqa.selenium.json.Input.fill()Z @ 85 c2
Event: 13.559 Thread 0x000001e9e3dd3800 DEOPT PACKING pc=0x000001e9f58d9ce0 sp=0x00000037e93fa390
Event: 13.559 Thread 0x000001e9e3dd3800 DEOPT UNPACKING pc=0x000001e9edd6a1af sp=0x00000037e93fa310 mode 2
Event: 13.621 Thread 0x000001e98218a000 Uncommon trap: trap_request=0xffffffde fr.pc=0x000001e9f589fbd0 relative=0x0000000000000110
Event: 13.621 Thread 0x000001e98218a000 Uncommon trap: reason=class_check action=maybe_recompile pc=0x000001e9f589fbd0 method=java.io.DataInputStream.readByte()B @ 4 c2
Event: 13.621 Thread 0x000001e98218a000 DEOPT PACKING pc=0x000001e9f589fbd0 sp=0x00000037eb6fb040
Event: 13.621 Thread 0x000001e98218a000 DEOPT UNPACKING pc=0x000001e9edd6a1af sp=0x00000037eb6fb008 mode 2
Event: 13.670 Thread 0x000001e98218a000 Uncommon trap: trap_request=0xffffff4d fr.pc=0x000001e9f580f4a4 relative=0x0000000000000264
Event: 13.670 Thread 0x000001e98218a000 Uncommon trap: reason=unstable_if action=reinterpret pc=0x000001e9f580f4a4 method=java.lang.AbstractStringBuilder.putStringAt(ILjava/lang/String;)V @ 8 c2
Event: 13.670 Thread 0x000001e98218a000 DEOPT PACKING pc=0x000001e9f580f4a4 sp=0x00000037eb6fd620
Event: 13.670 Thread 0x000001e98218a000 DEOPT UNPACKING pc=0x000001e9edd6a1af sp=0x00000037eb6fd518 mode 2
Event: 13.670 Thread 0x000001e98218a000 Uncommon trap: trap_request=0xffffff4d fr.pc=0x000001e9f58b2a8c relative=0x00000000000002ac
Event: 13.670 Thread 0x000001e98218a000 Uncommon trap: reason=unstable_if action=reinterpret pc=0x000001e9f58b2a8c method=java.lang.String.getBytes([BIB)V @ 5 c2
Event: 13.670 Thread 0x000001e98218a000 DEOPT PACKING pc=0x000001e9f58b2a8c sp=0x00000037eb6fd440
Event: 13.670 Thread 0x000001e98218a000 DEOPT UNPACKING pc=0x000001e9edd6a1af sp=0x00000037eb6fd328 mode 2
Event: 13.670 Thread 0x000001e98218a000 Uncommon trap: trap_request=0xffffff4d fr.pc=0x000001e9f580fdec relative=0x00000000000000cc
Event: 13.670 Thread 0x000001e98218a000 Uncommon trap: reason=unstable_if action=reinterpret pc=0x000001e9f580fdec method=java.lang.String.getBytes([BIB)V @ 5 c2
Event: 13.670 Thread 0x000001e98218a000 DEOPT PACKING pc=0x000001e9f580fdec sp=0x00000037eb6fd370
Event: 13.671 Thread 0x000001e98218a000 DEOPT UNPACKING pc=0x000001e9edd6a1af sp=0x00000037eb6fd318 mode 2

Classes redefined (0 events):
No events

Internal exceptions (20 events):
Event: 5.952 Thread 0x000001e9e3dd3800 Exception <a 'java/lang/NoClassDefFoundError'{0x00000000e2c528f8}: org/apache/logging/log4j/spi/ExtendedLoggerWrapper> (0x00000000e2c528f8) thrown at [./src/hotspot/share/classfile/systemDictionary.cpp, line 219]
Event: 5.962 Thread 0x000001e9e3dd3800 Exception <a 'java/lang/NoClassDefFoundError'{0x00000000e2c7c620}: org/apache/log4j/Priority> (0x00000000e2c7c620) thrown at [./src/hotspot/share/classfile/systemDictionary.cpp, line 219]
Event: 6.739 Thread 0x000001e9e3dd3800 Exception <a 'java/lang/IncompatibleClassChangeError'{0x00000000e2a74fa0}: Found class java.lang.Object, but interface was expected> (0x00000000e2a74fa0) thrown at [./src/hotspot/share/interpreter/linkResolver.cpp, line 839]
Event: 6.927 Thread 0x000001e982f73000 Exception <a 'java/lang/NoSuchMethodError'{0x00000000e2822ff8}: 'void java.lang.invoke.DirectMethodHandle$Holder.invokeStatic(java.lang.Object, long)'> (0x00000000e2822ff8) thrown at [./src/hotspot/share/interpreter/linkResolver.cpp, line 773]
Event: 6.929 Thread 0x000001e982f73000 Exception <a 'java/lang/NoSuchMethodError'{0x00000000e28281a8}: 'java.lang.Object java.lang.invoke.DirectMethodHandle$Holder.invokeStatic(java.lang.Object, long)'> (0x00000000e28281a8) thrown at [./src/hotspot/share/interpreter/linkResolver.cpp, line 773]
Event: 6.947 Thread 0x000001e982f73000 Exception <a 'java/lang/NoSuchMethodError'{0x00000000e2835f40}: 'java.lang.Object java.lang.invoke.DirectMethodHandle$Holder.invokeStaticInit(java.lang.Object, java.lang.Object, long, java.lang.Object)'> (0x00000000e2835f40) thrown at [./src/hotspot/share/interpreter/linkResolver.cpp, line 773]
Event: 6.950 Thread 0x000001e982f73000 Exception <a 'java/lang/NoSuchMethodError'{0x00000000e283b9a8}: 'java.lang.Object java.lang.invoke.DirectMethodHandle$Holder.invokeStatic(java.lang.Object, java.lang.Object, long)'> (0x00000000e283b9a8) thrown at [./src/hotspot/share/interpreter/linkResolver.cpp, line 773]
Event: 6.952 Thread 0x000001e982f73000 Exception <a 'java/lang/NoSuchMethodError'{0x00000000e2841c78}: 'java.lang.Object java.lang.invoke.Invokers$Holder.linkToTargetMethod(java.lang.Object, long, java.lang.Object)'> (0x00000000e2841c78) thrown at [./src/hotspot/share/interpreter/linkResolver.cpp, line 773]
Event: 7.024 Thread 0x000001e982188000 Exception <a 'java/net/ConnectException'{0x00000000e28e8e50}: Connection refused: connect> (0x00000000e28e8e50) thrown at [./src/hotspot/share/prims/jni.cpp, line 638]
Event: 7.052 Thread 0x000001e982188000 Exception <a 'java/net/ConnectException'{0x00000000e28e9ee0}: Connection refused: connect> (0x00000000e28e9ee0) thrown at [./src/hotspot/share/prims/jni.cpp, line 638]
Event: 7.084 Thread 0x000001e982188000 Exception <a 'java/net/ConnectException'{0x00000000e28eae60}: Connection refused: connect> (0x00000000e28eae60) thrown at [./src/hotspot/share/prims/jni.cpp, line 638]
Event: 7.133 Thread 0x000001e982188000 Exception <a 'java/net/ConnectException'{0x00000000e28ebde0}: Connection refused: connect> (0x00000000e28ebde0) thrown at [./src/hotspot/share/prims/jni.cpp, line 638]
Event: 7.278 Thread 0x000001e9e3dd3800 Exception <a 'java/lang/NoSuchMethodError'{0x00000000e27b0dc8}: 'double java.lang.invoke.DirectMethodHandle$Holder.invokeVirtual(java.lang.Object, java.lang.Object)'> (0x00000000e27b0dc8) thrown at [./src/hotspot/share/interpreter/linkResolver.cpp, line 773]
Event: 7.280 Thread 0x000001e9e3dd3800 Exception <a 'java/lang/NoSuchMethodError'{0x00000000e27b7380}: 'float java.lang.invoke.DirectMethodHandle$Holder.invokeVirtual(java.lang.Object, java.lang.Object)'> (0x00000000e27b7380) thrown at [./src/hotspot/share/interpreter/linkResolver.cpp, line 773]
Event: 7.282 Thread 0x000001e9e3dd3800 Exception <a 'java/lang/NoSuchMethodError'{0x00000000e27c0018}: 'long java.lang.invoke.DirectMethodHandle$Holder.invokeVirtual(java.lang.Object, java.lang.Object)'> (0x00000000e27c0018) thrown at [./src/hotspot/share/interpreter/linkResolver.cpp, line 773]
Event: 7.347 Thread 0x000001e9e3dd3800 Exception <a 'java/lang/NoSuchMethodError'{0x00000000e258e258}: 'void java.lang.invoke.DirectMethodHandle$Holder.invokeStatic(java.lang.Object, java.lang.Object, int)'> (0x00000000e258e258) thrown at [./src/hotspot/share/interpreter/linkResolver.cpp, line 773]
Event: 7.483 Thread 0x000001e9e3dd3800 Exception <a 'java/lang/NoSuchMethodError'{0x00000000e364afb8}: 'int java.lang.invoke.DirectMethodHandle$Holder.invokeSpecialIFC(java.lang.Object, java.lang.Object, java.lang.Object)'> (0x00000000e364afb8) thrown at [./src/hotspot/share/interpreter/linkResolver.cpp, line 773]
Event: 13.433 Thread 0x000001e9e3dd3800 Exception <a 'java/lang/NoSuchMethodError'{0x00000000e355dd18}: 'java.lang.Object java.lang.invoke.DirectMethodHandle$Holder.invokeSpecialIFC(java.lang.Object, java.lang.Object, java.lang.Object)'> (0x00000000e355dd18) thrown at [./src/hotspot/share/interpreter/linkResolver.cpp, line 773]
Event: 13.665 Thread 0x000001e98218a000 Exception <a 'java/lang/ClassNotFoundException'{0x00000000e319c480}: sun/util/logging/resources/spi/loggingProvider> (0x00000000e319c480) thrown at [./src/hotspot/share/classfile/systemDictionary.cpp, line 230]
Event: 13.690 Thread 0x000001e9e3dd3800 Exception <a 'java/lang/reflect/InvocationTargetException'{0x00000000e329db30}> (0x00000000e329db30) thrown at [./src/hotspot/share/runtime/reflection.cpp, line 1247]

Events (20 events):
Event: 13.837 loading class org/gradle/internal/serialize/PlaceholderExceptionSupport
Event: 13.837 loading class org/gradle/internal/serialize/PlaceholderExceptionSupport done
Event: 13.840 loading class org/gradle/internal/serialize/PlaceholderAssertionError
Event: 13.840 loading class org/gradle/internal/serialize/PlaceholderAssertionError done
Event: 13.842 loading class org/gradle/internal/serialize/ExceptionPlaceholder$1
Event: 13.842 loading class org/gradle/internal/serialize/ExceptionPlaceholder$1 done
Event: 13.850 loading class org/gradle/internal/serialize/ExceptionReplacingObjectOutputStream$2
Event: 13.850 loading class org/gradle/internal/serialize/ExceptionReplacingObjectOutputStream$2 done
Event: 13.851 Executing VM operation: RevokeBias
Event: 13.851 Executing VM operation: RevokeBias done
Event: 13.858 loading class org/gradle/internal/exceptions/Contextual
Event: 13.858 loading class org/gradle/internal/exceptions/Contextual done
Event: 13.859 loading class org/gradle/internal/serialize/StackTraceElementPlaceholder
Event: 13.859 loading class org/gradle/internal/serialize/StackTraceElementPlaceholder done
Event: 13.860 loading class org/gradle/api/JavaVersion
Event: 13.860 loading class org/gradle/api/JavaVersion done
Event: 13.869 loading class org/openqa/selenium/WebDriverException
Event: 13.869 loading class org/openqa/selenium/WebDriverException done
Event: 13.879 loading class java/util/concurrent/ConcurrentHashMap$EntrySpliterator
Event: 13.886 loading class java/util/concurrent/ConcurrentHashMap$EntrySpliterator done


Dynamic libraries:
0x00007ff7b6c60000 - 0x00007ff7b6c6d000 	C:\Users\leroc\.jdks\corretto-11.0.18\bin\java.exe
0x00007ffeac670000 - 0x00007ffeac868000 	C:\Windows\SYSTEM32\ntdll.dll
0x00007ffeac490000 - 0x00007ffeac54f000 	C:\Windows\System32\KERNEL32.DLL
0x00007ffeaa2d0000 - 0x00007ffeaa5c6000 	C:\Windows\System32\KERNELBASE.dll
0x00007ffeaa1d0000 - 0x00007ffeaa2d0000 	C:\Windows\System32\ucrtbase.dll
0x00007ffe88390000 - 0x00007ffe883a7000 	C:\Users\leroc\.jdks\corretto-11.0.18\bin\jli.dll
0x00007ffeac000000 - 0x00007ffeac19d000 	C:\Windows\System32\USER32.dll
0x00007ffe84dc0000 - 0x00007ffe84dd9000 	C:\Users\leroc\.jdks\corretto-11.0.18\bin\VCRUNTIME140.dll
0x00007ffeaa5d0000 - 0x00007ffeaa5f2000 	C:\Windows\System32\win32u.dll
0x00007ffeac3e0000 - 0x00007ffeac40c000 	C:\Windows\System32\GDI32.dll
0x00007ffe98060000 - 0x00007ffe982fa000 	C:\Windows\WinSxS\amd64_microsoft.windows.common-controls_6595b64144ccf1df_6.0.19041.1110_none_60b5254171f9507e\COMCTL32.dll
0x00007ffea9eb0000 - 0x00007ffea9fc5000 	C:\Windows\System32\gdi32full.dll
0x00007ffeac2d0000 - 0x00007ffeac36e000 	C:\Windows\System32\msvcrt.dll
0x00007ffeaa630000 - 0x00007ffeaa6cd000 	C:\Windows\System32\msvcp_win.dll
0x00007ffeabdc0000 - 0x00007ffeabdf0000 	C:\Windows\System32\IMM32.DLL
0x0000000060dd0000 - 0x0000000060ddc000 	C:\Program Files (x86)\360\Total Security\safemon\SafeWrapper.dll
0x00007ffeab7e0000 - 0x00007ffeab88f000 	C:\Windows\System32\ADVAPI32.dll
0x00007ffeab9c0000 - 0x00007ffeaba5c000 	C:\Windows\System32\sechost.dll
0x00007ffeab890000 - 0x00007ffeab9b6000 	C:\Windows\System32\RPCRT4.dll
0x00007ffe6ced0000 - 0x00007ffe6cf62000 	C:\Program Files (x86)\360\Total Security\safemon\libzdtp64.dll
0x00007ffeaab90000 - 0x00007ffeab2d4000 	C:\Windows\System32\SHELL32.dll
0x00007ffeaba60000 - 0x00007ffeabab5000 	C:\Windows\System32\SHLWAPI.dll
0x00007ffea9810000 - 0x00007ffea981a000 	C:\Windows\SYSTEM32\VERSION.dll
0x00007ffe70ef0000 - 0x00007ffe70f8b000 	C:\Users\leroc\.jdks\corretto-11.0.18\bin\msvcp140.dll
0x00007ffe3f9c0000 - 0x00007ffe4054a000 	C:\Users\leroc\.jdks\corretto-11.0.18\bin\server\jvm.dll
0x00007ffeabdb0000 - 0x00007ffeabdb8000 	C:\Windows\System32\PSAPI.DLL
0x00007ffea08c0000 - 0x00007ffea08e7000 	C:\Windows\SYSTEM32\WINMM.dll
0x00007ffe916a0000 - 0x00007ffe916a9000 	C:\Windows\SYSTEM32\WSOCK32.dll
0x00007ffeabc20000 - 0x00007ffeabc8b000 	C:\Windows\System32\WS2_32.dll
0x00007ffea84e0000 - 0x00007ffea84f2000 	C:\Windows\SYSTEM32\kernel.appcore.dll
0x00007ffe8e930000 - 0x00007ffe8e940000 	C:\Users\leroc\.jdks\corretto-11.0.18\bin\verify.dll
0x00007ffea82d0000 - 0x00007ffea84b4000 	C:\Windows\SYSTEM32\DBGHELP.DLL
0x00007ffe7eba0000 - 0x00007ffe7ebd4000 	C:\Windows\SYSTEM32\dbgcore.DLL
0x00007ffea9fd0000 - 0x00007ffeaa052000 	C:\Windows\System32\bcryptPrimitives.dll
0x00007ffe83430000 - 0x00007ffe83458000 	C:\Users\leroc\.jdks\corretto-11.0.18\bin\java.dll
0x00007ffe883f0000 - 0x00007ffe883fa000 	C:\Users\leroc\.jdks\corretto-11.0.18\bin\jimage.dll
0x00007ffe84d30000 - 0x00007ffe84d48000 	C:\Users\leroc\.jdks\corretto-11.0.18\bin\zip.dll
0x00007ffea7870000 - 0x00007ffea8004000 	C:\Windows\SYSTEM32\windows.storage.dll
0x00007ffeaa830000 - 0x00007ffeaab84000 	C:\Windows\System32\combase.dll
0x00007ffea9650000 - 0x00007ffea967e000 	C:\Windows\SYSTEM32\Wldp.dll
0x00007ffeaa6d0000 - 0x00007ffeaa77d000 	C:\Windows\System32\SHCORE.dll
0x00007ffea9c80000 - 0x00007ffea9ca5000 	C:\Windows\SYSTEM32\profapi.dll
0x00007ffe81810000 - 0x00007ffe81829000 	C:\Users\leroc\.jdks\corretto-11.0.18\bin\net.dll
0x00007ffea0600000 - 0x00007ffea070a000 	C:\Windows\SYSTEM32\WINHTTP.dll
0x00007ffea9390000 - 0x00007ffea93fa000 	C:\Windows\system32\mswsock.dll
0x00007ffe817f0000 - 0x00007ffe81803000 	C:\Users\leroc\.jdks\corretto-11.0.18\bin\nio.dll
0x00007ffea95b0000 - 0x00007ffea95c8000 	C:\Windows\SYSTEM32\CRYPTSP.dll
0x00007ffea8c90000 - 0x00007ffea8cc4000 	C:\Windows\system32\rsaenh.dll
0x00007ffeaa600000 - 0x00007ffeaa627000 	C:\Windows\System32\bcrypt.dll
0x00007ffea9c00000 - 0x00007ffea9c2e000 	C:\Windows\SYSTEM32\USERENV.dll
0x00007ffea95a0000 - 0x00007ffea95ac000 	C:\Windows\SYSTEM32\CRYPTBASE.dll
0x00007ffea9070000 - 0x00007ffea90ac000 	C:\Windows\SYSTEM32\IPHLPAPI.DLL
0x00007ffeabae0000 - 0x00007ffeabae8000 	C:\Windows\System32\NSI.dll
0x00007ffea1130000 - 0x00007ffea1147000 	C:\Windows\SYSTEM32\dhcpcsvc6.DLL
0x00007ffea10d0000 - 0x00007ffea10ed000 	C:\Windows\SYSTEM32\dhcpcsvc.DLL
0x00007ffea90b0000 - 0x00007ffea917a000 	C:\Windows\SYSTEM32\DNSAPI.dll
0x00007ffe35610000 - 0x00007ffe35627000 	C:\Windows\system32\napinsp.dll
0x00007ffe355f0000 - 0x00007ffe3560b000 	C:\Windows\system32\pnrpnsp.dll
0x00007ffea4100000 - 0x00007ffea4115000 	C:\Windows\system32\wshbth.dll
0x00007ffea5150000 - 0x00007ffea516d000 	C:\Windows\system32\NLAapi.dll
0x00007ffe35630000 - 0x00007ffe35642000 	C:\Windows\System32\winrnr.dll
0x00007ffea1010000 - 0x00007ffea101a000 	C:\Windows\System32\rasadhlp.dll
0x00007ffe995f0000 - 0x00007ffe99672000 	C:\Windows\System32\fwpuclnt.dll
0x00007ffe98020000 - 0x00007ffe98029000 	C:\Users\leroc\.jdks\corretto-11.0.18\bin\management.dll
0x00007ffe88720000 - 0x00007ffe8872b000 	C:\Users\leroc\.jdks\corretto-11.0.18\bin\management_ext.dll
0x00007ffe96cf0000 - 0x00007ffe96d15000 	C:\Users\leroc\.jdks\corretto-11.0.18\bin\sunec.dll

dbghelp: loaded successfully - version: 4.0.5 - missing functions: none
symbol engine: initialized successfully - sym options: 0x614 - pdb path: .;C:\Users\leroc\.jdks\corretto-11.0.18\bin;C:\Windows\SYSTEM32;C:\Windows\WinSxS\amd64_microsoft.windows.common-controls_6595b64144ccf1df_6.0.19041.1110_none_60b5254171f9507e;C:\Program Files (x86)\360\Total Security\safemon;C:\Users\leroc\.jdks\corretto-11.0.18\bin\server

VM Arguments:
jvm_args: -Dorg.gradle.internal.worker.tmpdir=C:\Users\leroc\OneDrive\AllHomeWorks\SQLTaskOne\build\tmp\test\work -Dorg.gradle.native=false -Dselenide.headless -Xmx512m -Dfile.encoding=windows-1251 -Duser.country=RU -Duser.language=ru -Duser.variant -ea 
java_command: worker.org.gradle.process.internal.worker.GradleWorkerMain 'Gradle Test Executor 6'
java_class_path (initial): C:\\Users\\leroc\\.gradle\\caches\\7.5.1\\workerMain\\gradle-worker.jar;C:\\Users\\leroc\\OneDrive\\AllHomeWorks\\SQLTaskOne\\build\\classes\\java\\test;C:\\Users\\leroc\\.gradle\\caches\\modules-2\\files-2.1\\com.codeborne\\selenide\\6.15.0\\7add079f18a20ae68c7d307cc65bbe16ff08de46\\selenide-6.15.0.jar;C:\\Users\\leroc\\.gradle\\caches\\modules-2\\files-2.1\\mysql\\mysql-connector-java\\8.0.30\\b26dd6e4e917d3d4726c34d09d2fd67df7c1dd37\\mysql-connector-java-8.0.30.jar;C:\\Users\\leroc\\.gradle\\caches\\modules-2\\files-2.1\\com.github.javafaker\\javafaker\\1.0.2\\be0ff271b1208416822db4438864df47f90af92f\\javafaker-1.0.2.jar;C:\\Users\\leroc\\.gradle\\caches\\modules-2\\files-2.1\\commons-dbutils\\commons-dbutils\\1.7\\a2d6e515aa87e5d38f6b3003e70b13c1b1f19ca0\\commons-dbutils-1.7.jar;C:\\Users\\leroc\\.gradle\\caches\\modules-2\\files-2.1\\org.junit.platform\\junit-platform-engine\\1.8.1\\e6c63bf990dc88a6527b4ed617b23e47048f07e0\\junit-platform-engine-1.8.1.jar;C:\\Users\\leroc\\.gradle\\caches\\modules-2\\files-2.1\\org.junit.platform\\junit-platform-commons\\1.8.1\\1e362cbe6d0f225b066757865e233972557484\\junit-platform-commons-1.8.1.jar;C:\\Users\\leroc\\.gradle\\caches\\modules-2\\files-2.1\\org.junit.jupiter\\junit-jupiter-engine\\5.8.1\\21b86e08aae2720bbf017703669948be96d1388c\\junit-jupiter-engine-5.8.1.jar;C:\\Users\\leroc\\.gradle\\caches\\modules-2\\files-2.1\\org.junit.jupiter\\junit-jupiter-api\\5.8.1\\6538b88eb8bf8811bc7b6efb5246f835c15e0bfe\\junit-jupiter-api-5.8.1.jar;C:\\Users\\leroc\\.gradle\\caches\\modules-2\\files-2.1\\com.codeborne\\selenide-core\\6.15.0\\8262703bae14925031c7a747151afe56f829238c\\selenide-core-6.15.0.jar;C:\\Users\\leroc\\.gradle\\caches\\modules-2\\files-2.1\\org.seleniumhq.selenium\\selenium-java\\4.9.1\\18cef0adbc08d152da07b234a04f6e8240ce215f\\selenium-java-4.9.1.jar;C:\\Users\\leroc\\.gradle\\caches\\modules-2\\files-2.1\\org.seleniumhq.selenium\\selenium-chrome-driver\\4.9.1\\15c4b5e30eb17e3b864a
Launcher Type: SUN_STANDARD

[Global flags]
     intx CICompilerCount                          = 3                                         {product} {ergonomic}
     uint ConcGCThreads                            = 1                                         {product} {ergonomic}
     uint G1ConcRefinementThreads                  = 4                                         {product} {ergonomic}
   size_t G1HeapRegionSize                         = 1048576                                   {product} {ergonomic}
    uintx GCDrainStackTargetSize                   = 64                                        {product} {ergonomic}
   size_t InitialHeapSize                          = 58720256                                  {product} {ergonomic}
   size_t MarkStackSize                            = 4194304                                   {product} {ergonomic}
   size_t MaxHeapSize                              = 536870912                                 {product} {command line}
   size_t MaxNewSize                               = 321912832                                 {product} {ergonomic}
   size_t MinHeapDeltaBytes                        = 1048576                                   {product} {ergonomic}
    uintx NonNMethodCodeHeapSize                   = 5830732                                {pd product} {ergonomic}
    uintx NonProfiledCodeHeapSize                  = 122913754                              {pd product} {ergonomic}
    uintx ProfiledCodeHeapSize                     = 122913754                              {pd product} {ergonomic}
    uintx ReservedCodeCacheSize                    = 251658240                              {pd product} {ergonomic}
     bool SegmentedCodeCache                       = true                                      {product} {ergonomic}
     bool UseCompressedClassPointers               = true                                 {lp64_product} {ergonomic}
     bool UseCompressedOops                        = true                                 {lp64_product} {ergonomic}
     bool UseG1GC                                  = true                                      {product} {ergonomic}
     bool UseLargePagesIndividualAllocation        = false                                  {pd product} {ergonomic}

Logging:
Log output configuration:
 #0: stdout all=warning uptime,level,tags
 #1: stderr all=off uptime,level,tags

Environment Variables:
PATH=C:\Program Files\Common Files\Oracle\Java\javapath;C:\Program Files\Eclipse Adoptium\jdk-11.0.17.8-hotspot\bin;C:\Program Files (x86)\Common Files\Intel\Shared Files\cpp\bin\Intel64;C:\Windows\system32;C:\Windows;C:\Windows\System32\Wbem;C:\Windows\System32\WindowsPowerShell\v1.0\;C:\Windows\System32\OpenSSH\;C:\Program Files\Git\cmd;C:\Program Files\nodejs\;C:\Program Files\Docker\Docker\resources\bin;C:\Users\leroc\AppData\Local\Microsoft\WindowsApps;;C:\Users\leroc\AppData\Local\Programs\Microsoft VS Code\bin;C:\Users\leroc\AppData\Roaming\npm
USERNAME=leroc
OS=Windows_NT
PROCESSOR_IDENTIFIER=AMD64 Family 23 Model 24 Stepping 1, AuthenticAMD
TMP=C:\Users\leroc\AppData\Local\Temp
TEMP=C:\Users\leroc\AppData\Local\Temp



---------------  S Y S T E M  ---------------

OS: Windows 10 , 64 bit Build 19041 (10.0.19041.3155)
OS uptime: 0 days 3:59 hours
Hyper-V role detected

CPU:total 4 (initial active 4) (4 cores per cpu, 2 threads per core) family 23 model 24 stepping 1 microcode 0x0, cmov, cx8, fxsr, mmx, sse, sse2, sse3, ssse3, sse4.1, sse4.2, popcnt, avx, avx2, aes, clmul, mmxext, 3dnowpref, lzcnt, sse4a, ht, tsc, tscinvbit, tscinv, bmi1, bmi2, adx, sha, fma

Memory: 4k page, system-wide physical 3460M (80M free)
TotalPageFile size 14212M (AvailPageFile size 1M)
current process WorkingSet (physical memory assigned to process): 142M, peak: 142M
current process commit charge ("private bytes"): 190M, peak: 191M

vm_info: OpenJDK 64-Bit Server VM (11.0.18+10-LTS) for windows-amd64 JRE (11.0.18+10-LTS), built on Jan 10 2023 20:17:52 by "Administrator" with MS VC++ 15.9 (VS2017)

END.
